This file contains any messages produced by compilers while
running configure, to aid debugging if configure makes a mistake.

It was created by mrbayes configure 3.2, which was
generated by GNU Autoconf 2.67.  Invocation command line was

  $ ./configure --with-beagle=no --enable-sse=yes

## --------- ##
## Platform. ##
## --------- ##

hostname = sdf22d
uname -m = x86_64
uname -r = 2.6.38-13-generic
uname -s = Linux
uname -v = #53-Ubuntu SMP Mon Nov 28 19:33:45 UTC 2011

/usr/bin/uname -p = unknown
/bin/uname -X     = unknown

/bin/arch              = unknown
/usr/bin/arch -k       = unknown
/usr/convex/getsysinfo = unknown
/usr/bin/hostinfo      = unknown
/bin/machine           = unknown
/usr/bin/oslevel       = unknown
/bin/universe          = unknown

PATH: /home/simon/bin
PATH: /usr/local/sbin
PATH: /usr/local/bin
PATH: /usr/sbin
PATH: /usr/bin
PATH: /sbin
PATH: /bin
PATH: /usr/games


## ----------- ##
## Core tests. ##
## ----------- ##

configure:1933: checking for gcc
configure:1949: found /usr/bin/gcc
configure:1960: result: gcc
configure:2189: checking for C compiler version
configure:2198: gcc --version >&5
gcc-4.5.real (Ubuntu/Linaro 4.5.2-8ubuntu4) 4.5.2
Copyright (C) 2010 Free Software Foundation, Inc.
This is free software; see the source for copying conditions.  There is NO
warranty; not even for MERCHANTABILITY or FITNESS FOR A PARTICULAR PURPOSE.

configure:2209: $? = 0
configure:2198: gcc -v >&5
Using built-in specs.
COLLECT_GCC=/usr/bin/gcc-4.5.real
COLLECT_LTO_WRAPPER=/usr/lib/x86_64-linux-gnu/gcc/x86_64-linux-gnu/4.5.2/lto-wrapper
Target: x86_64-linux-gnu
Configured with: ../src/configure -v --with-pkgversion='Ubuntu/Linaro 4.5.2-8ubuntu4' --with-bugurl=file:///usr/share/doc/gcc-4.5/README.Bugs --enable-languages=c,c++,fortran,objc,obj-c++ --prefix=/usr --program-suffix=-4.5 --enable-shared --enable-multiarch --with-multiarch-defaults=x86_64-linux-gnu --enable-linker-build-id --with-system-zlib --libexecdir=/usr/lib/x86_64-linux-gnu --without-included-gettext --enable-threads=posix --with-gxx-include-dir=/usr/include/c++/4.5 --libdir=/usr/lib/x86_64-linux-gnu --enable-nls --with-sysroot=/ --enable-clocale=gnu --enable-libstdcxx-debug --enable-libstdcxx-time=yes --enable-plugin --enable-gold --enable-ld=default --with-plugin-ld=ld.gold --enable-objc-gc --disable-werror --with-arch-32=i686 --with-tune=generic --enable-checking=release --build=x86_64-linux-gnu --host=x86_64-linux-gnu --target=x86_64-linux-gnu
Thread model: posix
gcc version 4.5.2 (Ubuntu/Linaro 4.5.2-8ubuntu4) 
configure:2209: $? = 0
configure:2198: gcc -V >&5
gcc-4.5.real: '-V' option must have argument
configure:2209: $? = 1
configure:2198: gcc -qversion >&5
gcc-4.5.real: unrecognized option '-qversion'
gcc-4.5.real: no input files
configure:2209: $? = 1
configure:2229: checking whether the C compiler works
configure:2251: gcc -O3 -ffast-math -Wall -DNDEBUG   conftest.c  >&5
configure:2255: $? = 0
configure:2303: result: yes
configure:2306: checking for C compiler default output file name
configure:2308: result: a.out
configure:2314: checking for suffix of executables
configure:2321: gcc -o conftest -O3 -ffast-math -Wall -DNDEBUG   conftest.c  >&5
configure:2325: $? = 0
configure:2347: result: 
configure:2369: checking whether we are cross compiling
configure:2377: gcc -o conftest -O3 -ffast-math -Wall -DNDEBUG   conftest.c  >&5
configure:2381: $? = 0
configure:2388: ./conftest
configure:2392: $? = 0
configure:2407: result: no
configure:2412: checking for suffix of object files
configure:2434: gcc -c -O3 -ffast-math -Wall -DNDEBUG  conftest.c >&5
configure:2438: $? = 0
configure:2459: result: o
configure:2463: checking whether we are using the GNU C compiler
configure:2482: gcc -c -O3 -ffast-math -Wall -DNDEBUG  conftest.c >&5
configure:2482: $? = 0
configure:2491: result: yes
configure:2500: checking whether gcc accepts -g
configure:2520: gcc -c -g  conftest.c >&5
configure:2520: $? = 0
configure:2561: result: yes
configure:2578: checking for gcc option to accept ISO C89
configure:2642: gcc  -c -O3 -ffast-math -Wall -DNDEBUG  conftest.c >&5
configure:2642: $? = 0
configure:2655: result: none needed
configure:2682: checking how to run the C preprocessor
configure:2713: gcc -E  conftest.c
configure:2713: $? = 0
configure:2727: gcc -E  conftest.c
conftest.c:9:28: fatal error: ac_nonexistent.h: No such file or directory
compilation terminated.
configure:2727: $? = 1
configure: failed program was:
| /* confdefs.h */
| #define PACKAGE_NAME "mrbayes"
| #define PACKAGE_TARNAME "mrbayes"
| #define PACKAGE_VERSION "3.2"
| #define PACKAGE_STRING "mrbayes 3.2"
| #define PACKAGE_BUGREPORT "http://www.mrbayes.net"
| #define PACKAGE_URL ""
| /* end confdefs.h.  */
| #include <ac_nonexistent.h>
configure:2752: result: gcc -E
configure:2772: gcc -E  conftest.c
configure:2772: $? = 0
configure:2786: gcc -E  conftest.c
conftest.c:9:28: fatal error: ac_nonexistent.h: No such file or directory
compilation terminated.
configure:2786: $? = 1
configure: failed program was:
| /* confdefs.h */
| #define PACKAGE_NAME "mrbayes"
| #define PACKAGE_TARNAME "mrbayes"
| #define PACKAGE_VERSION "3.2"
| #define PACKAGE_STRING "mrbayes 3.2"
| #define PACKAGE_BUGREPORT "http://www.mrbayes.net"
| #define PACKAGE_URL ""
| /* end confdefs.h.  */
| #include <ac_nonexistent.h>
configure:2815: checking for grep that handles long lines and -e
configure:2873: result: /bin/grep
configure:2878: checking for egrep
configure:2940: result: /bin/grep -E
configure:2945: checking for ANSI C header files
configure:2965: gcc -c -O3 -ffast-math -Wall -DNDEBUG  conftest.c >&5
configure:2965: $? = 0
configure:3038: gcc -o conftest -O3 -ffast-math -Wall -DNDEBUG   conftest.c  >&5
configure:3038: $? = 0
configure:3038: ./conftest
configure:3038: $? = 0
configure:3049: result: yes
configure:3057: checking for exp in -lm
configure:3082: gcc -o conftest -O3 -ffast-math -Wall -DNDEBUG   conftest.c -lm   >&5
conftest.c:17:6: warning: conflicting types for built-in function 'exp'
configure:3082: $? = 0
configure:3091: result: yes
configure:3145: checking for a BSD-compatible install
configure:3213: result: /usr/bin/install -c
configure:3308: checking for SSE support
configure:3331: gcc -o conftest -O3 -ffast-math -Wall -DNDEBUG   conftest.c -lm  >&5
conftest.c: In function 'main':
conftest.c:19:5: warning: 'm2' is used uninitialized in this function
conftest.c:19:5: warning: 'm1' is used uninitialized in this function
configure:3331: $? = 0
configure:3331: ./conftest
configure:3331: $? = 0
configure:3332: result: yes
configure:3490: checking for readline in -lreadline
configure:3515: gcc -o conftest -O3 -ffast-math -Wall -DNDEBUG   conftest.c -lreadline  -lm  >&5
configure:3515: $? = 0
configure:3524: result: yes
configure:3537: checking for rl_completion_matches function
configure:3555: gcc -o conftest -O3 -ffast-math -Wall -DNDEBUG   -lreadline conftest.c -lreadline -lm  >&5
conftest.c: In function 'main':
conftest.c:23:8: warning: unused variable 'matches'
configure:3555: $? = 0
configure:3556: result: yes
configure:3569: checking for 32 or 64 bits cpu
configure:3584: gcc -o conftest -O3 -ffast-math -Wall -DNDEBUG   -lreadline conftest.c -lreadline -lm  >&5
configure:3584: $? = 0
configure:3584: ./conftest
configure:3584: $? = 0
configure:3585: result: 64
configure:3708: creating ./config.status

## ---------------------- ##
## Running config.status. ##
## ---------------------- ##

This file was extended by mrbayes config.status 3.2, which was
generated by GNU Autoconf 2.67.  Invocation command line was

  CONFIG_FILES    = 
  CONFIG_HEADERS  = 
  CONFIG_LINKS    = 
  CONFIG_COMMANDS = 
  $ ./config.status 

on sdf22d

config.status:808: creating Makefile
config.status:808: creating config.h
config.status:982: config.h is unchanged

## ---------------- ##
## Cache variables. ##
## ---------------- ##

ac_cv_c_compiler_gnu=yes
ac_cv_env_CC_set=
ac_cv_env_CC_value=
ac_cv_env_CFLAGS_set=
ac_cv_env_CFLAGS_value=
ac_cv_env_CPPFLAGS_set=
ac_cv_env_CPPFLAGS_value=
ac_cv_env_CPP_set=
ac_cv_env_CPP_value=
ac_cv_env_LDFLAGS_set=
ac_cv_env_LDFLAGS_value=
ac_cv_env_LIBS_set=
ac_cv_env_LIBS_value=
ac_cv_env_build_alias_set=
ac_cv_env_build_alias_value=
ac_cv_env_host_alias_set=
ac_cv_env_host_alias_value=
ac_cv_env_target_alias_set=
ac_cv_env_target_alias_value=
ac_cv_header_stdc=yes
ac_cv_lib_m_exp=yes
ac_cv_lib_readline_readline=yes
ac_cv_objext=o
ac_cv_path_EGREP='/bin/grep -E'
ac_cv_path_GREP=/bin/grep
ac_cv_path_install='/usr/bin/install -c'
ac_cv_prog_CPP='gcc -E'
ac_cv_prog_ac_ct_CC=gcc
ac_cv_prog_cc_c89=
ac_cv_prog_cc_g=yes

## ----------------- ##
## Output variables. ##
## ----------------- ##

CC='gcc'
CFLAGS='-O3 -ffast-math -Wall -DNDEBUG'
CPP='gcc -E'
CPPFLAGS=''
DEFS='-DHAVE_CONFIG_H'
ECHO_C=''
ECHO_N='-n'
ECHO_T=''
EGREP='/bin/grep -E'
EXEEXT=''
GREP='/bin/grep'
INSTALL_DATA='${INSTALL} -m 644'
INSTALL_PROGRAM='${INSTALL}'
INSTALL_SCRIPT='${INSTALL}'
LDFLAGS=' -lreadline'
LIBOBJS=''
LIBS='-lreadline -lm '
LTLIBOBJS=''
OBJEXT='o'
PACKAGE_BUGREPORT='http://www.mrbayes.net'
PACKAGE_NAME='mrbayes'
PACKAGE_STRING='mrbayes 3.2'
PACKAGE_TARNAME='mrbayes'
PACKAGE_URL=''
PACKAGE_VERSION='3.2'
PATH_SEPARATOR=':'
SHELL='/bin/bash'
ac_ct_CC='gcc'
bindir='${exec_prefix}/bin'
build_alias=''
datadir='${datarootdir}'
datarootdir='${prefix}/share'
docdir='${datarootdir}/doc/${PACKAGE_TARNAME}'
dvidir='${docdir}'
exec_prefix='${prefix}'
host_alias=''
htmldir='${docdir}'
includedir='${prefix}/include'
infodir='${datarootdir}/info'
libdir='${exec_prefix}/lib'
libexecdir='${exec_prefix}/libexec'
localedir='${datarootdir}/locale'
localstatedir='${prefix}/var'
mandir='${datarootdir}/man'
mpicc=''
oldincludedir='/usr/include'
pdfdir='${docdir}'
prefix='/usr/local'
program_transform_name='s,x,x,'
psdir='${docdir}'
sbindir='${exec_prefix}/sbin'
sharedstatedir='${prefix}/com'
sysconfdir='${prefix}/etc'
target_alias=''

## ----------- ##
## confdefs.h. ##
## ----------- ##

/* confdefs.h */
#define PACKAGE_NAME "mrbayes"
#define PACKAGE_TARNAME "mrbayes"
#define PACKAGE_VERSION "3.2"
#define PACKAGE_STRING "mrbayes 3.2"
#define PACKAGE_BUGREPORT "http://www.mrbayes.net"
#define PACKAGE_URL ""
#define STDC_HEADERS 1
#define HAVE_LIBM 1
#define SSE_ENABLED 1
#define UNIX_VERSION 1
#define HAVE_LIBREADLINE 1
#define COMPLETIONMATCHES 1
#define _64BIT 1

configure: exit 0
