This file contains any messages produced by compilers while
running configure, to aid debugging if configure makes a mistake.

It was created by Clustal Omega configure 1.1.0, which was
generated by GNU Autoconf 2.65.  Invocation command line was

  $ ./configure 

## --------- ##
## Platform. ##
## --------- ##

hostname = sdf22d
uname -m = x86_64
uname -r = 2.6.38-13-generic
uname -s = Linux
uname -v = #53-Ubuntu SMP Mon Nov 28 19:33:45 UTC 2011

/usr/bin/uname -p = unknown
/bin/uname -X     = unknown

/bin/arch              = unknown
/usr/bin/arch -k       = unknown
/usr/convex/getsysinfo = unknown
/usr/bin/hostinfo      = unknown
/bin/machine           = unknown
/usr/bin/oslevel       = unknown
/bin/universe          = unknown

PATH: /home/simon/bin
PATH: /usr/local/sbin
PATH: /usr/local/bin
PATH: /usr/sbin
PATH: /usr/bin
PATH: /sbin
PATH: /bin
PATH: /usr/games


## ----------- ##
## Core tests. ##
## ----------- ##

configure:2721:

    Welcome to Clustal Omega - version 1.1.0 (FilumVitae)

                       +NMMMMMMMMMS=
                    MMMMM?      :MMMMM8
                  IMMMMS           MMMMM,
                ~MMMMN              ,MMMMM
               =MMMMM                 MMMMM
              ?MMMMM                  +MMMMM
              MMMMMS                   MMMMM
              MMMMM                    MMMMM:
              MMMMM                    MMMMM+
              MMMMM                    MMMMM~
              MMMMM                    MMMMM
              MMMMMZ                   MMMMM
               MMMMM                  ,MMMMZ
                MMMM8                 MMMM+
                 MMMMS               MMMM,
                   MMMMO           MMMM
            ,N       SMMM        MMM8       +8
            ,M7         M+       M+        :M8
            ,MMMMMMMMMMMMI       MMMMMMMMMMMM8
            ,MMMMMMMMMMMM8       MMMMMMMMMMMM8
            ,MMMMMMMMMMMMN       MMMMMMMMMMMM8

              
configure:2824: checking for a BSD-compatible install
configure:2892: result: /usr/bin/install -c
configure:2903: checking whether build environment is sane
configure:2953: result: yes
configure:3094: checking for a thread-safe mkdir -p
configure:3133: result: /bin/mkdir -p
configure:3146: checking for gawk
configure:3162: found /usr/bin/gawk
configure:3173: result: gawk
configure:3184: checking whether make sets $(MAKE)
configure:3206: result: yes
configure:3318: checking for style of include used by make
configure:3346: result: GNU
configure:3416: checking for gcc
configure:3432: found /usr/bin/gcc
configure:3443: result: gcc
configure:3672: checking for C compiler version
configure:3681: gcc --version >&5
gcc-4.5.real (Ubuntu/Linaro 4.5.2-8ubuntu4) 4.5.2
Copyright (C) 2010 Free Software Foundation, Inc.
This is free software; see the source for copying conditions.  There is NO
warranty; not even for MERCHANTABILITY or FITNESS FOR A PARTICULAR PURPOSE.

configure:3692: $? = 0
configure:3681: gcc -v >&5
Using built-in specs.
COLLECT_GCC=/usr/bin/gcc-4.5.real
COLLECT_LTO_WRAPPER=/usr/lib/x86_64-linux-gnu/gcc/x86_64-linux-gnu/4.5.2/lto-wrapper
Target: x86_64-linux-gnu
Configured with: ../src/configure -v --with-pkgversion='Ubuntu/Linaro 4.5.2-8ubuntu4' --with-bugurl=file:///usr/share/doc/gcc-4.5/README.Bugs --enable-languages=c,c++,fortran,objc,obj-c++ --prefix=/usr --program-suffix=-4.5 --enable-shared --enable-multiarch --with-multiarch-defaults=x86_64-linux-gnu --enable-linker-build-id --with-system-zlib --libexecdir=/usr/lib/x86_64-linux-gnu --without-included-gettext --enable-threads=posix --with-gxx-include-dir=/usr/include/c++/4.5 --libdir=/usr/lib/x86_64-linux-gnu --enable-nls --with-sysroot=/ --enable-clocale=gnu --enable-libstdcxx-debug --enable-libstdcxx-time=yes --enable-plugin --enable-gold --enable-ld=default --with-plugin-ld=ld.gold --enable-objc-gc --disable-werror --with-arch-32=i686 --with-tune=generic --enable-checking=release --build=x86_64-linux-gnu --host=x86_64-linux-gnu --target=x86_64-linux-gnu
Thread model: posix
gcc version 4.5.2 (Ubuntu/Linaro 4.5.2-8ubuntu4) 
configure:3692: $? = 0
configure:3681: gcc -V >&5
gcc-4.5.real: '-V' option must have argument
configure:3692: $? = 1
configure:3681: gcc -qversion >&5
gcc-4.5.real: unrecognized option '-qversion'
gcc-4.5.real: no input files
configure:3692: $? = 1
configure:3712: checking whether the C compiler works
configure:3734: gcc  -I/home/simon/Dropbox/phyexe/phyexe/src/build/include -L/home/simon/Dropbox/phyexe/phyexe/src/build/lib conftest.c  >&5
configure:3738: $? = 0
configure:3787: result: yes
configure:3790: checking for C compiler default output file name
configure:3792: result: a.out
configure:3798: checking for suffix of executables
configure:3805: gcc -o conftest  -I/home/simon/Dropbox/phyexe/phyexe/src/build/include -L/home/simon/Dropbox/phyexe/phyexe/src/build/lib conftest.c  >&5
configure:3809: $? = 0
configure:3831: result: 
configure:3853: checking whether we are cross compiling
configure:3861: gcc -o conftest  -I/home/simon/Dropbox/phyexe/phyexe/src/build/include -L/home/simon/Dropbox/phyexe/phyexe/src/build/lib conftest.c  >&5
configure:3865: $? = 0
configure:3872: ./conftest
configure:3876: $? = 0
configure:3891: result: no
configure:3896: checking for suffix of object files
configure:3918: gcc -c  -I/home/simon/Dropbox/phyexe/phyexe/src/build/include conftest.c >&5
configure:3922: $? = 0
configure:3943: result: o
configure:3947: checking whether we are using the GNU C compiler
configure:3966: gcc -c  -I/home/simon/Dropbox/phyexe/phyexe/src/build/include conftest.c >&5
configure:3966: $? = 0
configure:3975: result: yes
configure:3984: checking whether gcc accepts -g
configure:4004: gcc -c -g -I/home/simon/Dropbox/phyexe/phyexe/src/build/include conftest.c >&5
configure:4004: $? = 0
configure:4045: result: yes
configure:4062: checking for gcc option to accept ISO C89
configure:4126: gcc  -c -g -O2 -I/home/simon/Dropbox/phyexe/phyexe/src/build/include conftest.c >&5
configure:4126: $? = 0
configure:4139: result: none needed
configure:4161: checking dependency style of gcc
configure:4271: result: gcc3
configure:4292: checking how to run the C preprocessor
configure:4323: gcc -E -I/home/simon/Dropbox/phyexe/phyexe/src/build/include conftest.c
configure:4323: $? = 0
configure:4337: gcc -E -I/home/simon/Dropbox/phyexe/phyexe/src/build/include conftest.c
conftest.c:11:28: fatal error: ac_nonexistent.h: No such file or directory
compilation terminated.
configure:4337: $? = 1
configure: failed program was:
| /* confdefs.h */
| #define PACKAGE_NAME "Clustal Omega"
| #define PACKAGE_TARNAME "clustal-omega"
| #define PACKAGE_VERSION "1.1.0"
| #define PACKAGE_STRING "Clustal Omega 1.1.0"
| #define PACKAGE_BUGREPORT "clustalw@ucd.ie"
| #define PACKAGE_URL ""
| #define PACKAGE "clustal-omega"
| #define VERSION "1.1.0"
| /* end confdefs.h.  */
| #include <ac_nonexistent.h>
configure:4362: result: gcc -E
configure:4382: gcc -E -I/home/simon/Dropbox/phyexe/phyexe/src/build/include conftest.c
configure:4382: $? = 0
configure:4396: gcc -E -I/home/simon/Dropbox/phyexe/phyexe/src/build/include conftest.c
conftest.c:11:28: fatal error: ac_nonexistent.h: No such file or directory
compilation terminated.
configure:4396: $? = 1
configure: failed program was:
| /* confdefs.h */
| #define PACKAGE_NAME "Clustal Omega"
| #define PACKAGE_TARNAME "clustal-omega"
| #define PACKAGE_VERSION "1.1.0"
| #define PACKAGE_STRING "Clustal Omega 1.1.0"
| #define PACKAGE_BUGREPORT "clustalw@ucd.ie"
| #define PACKAGE_URL ""
| #define PACKAGE "clustal-omega"
| #define VERSION "1.1.0"
| /* end confdefs.h.  */
| #include <ac_nonexistent.h>
configure:4425: checking for grep that handles long lines and -e
configure:4483: result: /bin/grep
configure:4488: checking for egrep
configure:4550: result: /bin/grep -E
configure:4555: checking for ANSI C header files
configure:4575: gcc -c -g -O2 -I/home/simon/Dropbox/phyexe/phyexe/src/build/include conftest.c >&5
configure:4575: $? = 0
configure:4648: gcc -o conftest -g -O2 -I/home/simon/Dropbox/phyexe/phyexe/src/build/include -L/home/simon/Dropbox/phyexe/phyexe/src/build/lib conftest.c  >&5
configure:4648: $? = 0
configure:4648: ./conftest
configure:4648: $? = 0
configure:4659: result: yes
configure:4672: checking for sys/types.h
configure:4672: gcc -c -g -O2 -I/home/simon/Dropbox/phyexe/phyexe/src/build/include conftest.c >&5
configure:4672: $? = 0
configure:4672: result: yes
configure:4672: checking for sys/stat.h
configure:4672: gcc -c -g -O2 -I/home/simon/Dropbox/phyexe/phyexe/src/build/include conftest.c >&5
configure:4672: $? = 0
configure:4672: result: yes
configure:4672: checking for stdlib.h
configure:4672: gcc -c -g -O2 -I/home/simon/Dropbox/phyexe/phyexe/src/build/include conftest.c >&5
configure:4672: $? = 0
configure:4672: result: yes
configure:4672: checking for string.h
configure:4672: gcc -c -g -O2 -I/home/simon/Dropbox/phyexe/phyexe/src/build/include conftest.c >&5
configure:4672: $? = 0
configure:4672: result: yes
configure:4672: checking for memory.h
configure:4672: gcc -c -g -O2 -I/home/simon/Dropbox/phyexe/phyexe/src/build/include conftest.c >&5
configure:4672: $? = 0
configure:4672: result: yes
configure:4672: checking for strings.h
configure:4672: gcc -c -g -O2 -I/home/simon/Dropbox/phyexe/phyexe/src/build/include conftest.c >&5
configure:4672: $? = 0
configure:4672: result: yes
configure:4672: checking for inttypes.h
configure:4672: gcc -c -g -O2 -I/home/simon/Dropbox/phyexe/phyexe/src/build/include conftest.c >&5
configure:4672: $? = 0
configure:4672: result: yes
configure:4672: checking for stdint.h
configure:4672: gcc -c -g -O2 -I/home/simon/Dropbox/phyexe/phyexe/src/build/include conftest.c >&5
configure:4672: $? = 0
configure:4672: result: yes
configure:4672: checking for unistd.h
configure:4672: gcc -c -g -O2 -I/home/simon/Dropbox/phyexe/phyexe/src/build/include conftest.c >&5
configure:4672: $? = 0
configure:4672: result: yes
configure:4686: checking minix/config.h usability
configure:4686: gcc -c -g -O2 -I/home/simon/Dropbox/phyexe/phyexe/src/build/include conftest.c >&5
conftest.c:54:26: fatal error: minix/config.h: No such file or directory
compilation terminated.
configure:4686: $? = 1
configure: failed program was:
| /* confdefs.h */
| #define PACKAGE_NAME "Clustal Omega"
| #define PACKAGE_TARNAME "clustal-omega"
| #define PACKAGE_VERSION "1.1.0"
| #define PACKAGE_STRING "Clustal Omega 1.1.0"
| #define PACKAGE_BUGREPORT "clustalw@ucd.ie"
| #define PACKAGE_URL ""
| #define PACKAGE "clustal-omega"
| #define VERSION "1.1.0"
| #define STDC_HEADERS 1
| #define HAVE_SYS_TYPES_H 1
| #define HAVE_SYS_STAT_H 1
| #define HAVE_STDLIB_H 1
| #define HAVE_STRING_H 1
| #define HAVE_MEMORY_H 1
| #define HAVE_STRINGS_H 1
| #define HAVE_INTTYPES_H 1
| #define HAVE_STDINT_H 1
| #define HAVE_UNISTD_H 1
| /* end confdefs.h.  */
| #include <stdio.h>
| #ifdef HAVE_SYS_TYPES_H
| # include <sys/types.h>
| #endif
| #ifdef HAVE_SYS_STAT_H
| # include <sys/stat.h>
| #endif
| #ifdef STDC_HEADERS
| # include <stdlib.h>
| # include <stddef.h>
| #else
| # ifdef HAVE_STDLIB_H
| #  include <stdlib.h>
| # endif
| #endif
| #ifdef HAVE_STRING_H
| # if !defined STDC_HEADERS && defined HAVE_MEMORY_H
| #  include <memory.h>
| # endif
| # include <string.h>
| #endif
| #ifdef HAVE_STRINGS_H
| # include <strings.h>
| #endif
| #ifdef HAVE_INTTYPES_H
| # include <inttypes.h>
| #endif
| #ifdef HAVE_STDINT_H
| # include <stdint.h>
| #endif
| #ifdef HAVE_UNISTD_H
| # include <unistd.h>
| #endif
| #include <minix/config.h>
configure:4686: result: no
configure:4686: checking minix/config.h presence
configure:4686: gcc -E -I/home/simon/Dropbox/phyexe/phyexe/src/build/include conftest.c
conftest.c:21:26: fatal error: minix/config.h: No such file or directory
compilation terminated.
configure:4686: $? = 1
configure: failed program was:
| /* confdefs.h */
| #define PACKAGE_NAME "Clustal Omega"
| #define PACKAGE_TARNAME "clustal-omega"
| #define PACKAGE_VERSION "1.1.0"
| #define PACKAGE_STRING "Clustal Omega 1.1.0"
| #define PACKAGE_BUGREPORT "clustalw@ucd.ie"
| #define PACKAGE_URL ""
| #define PACKAGE "clustal-omega"
| #define VERSION "1.1.0"
| #define STDC_HEADERS 1
| #define HAVE_SYS_TYPES_H 1
| #define HAVE_SYS_STAT_H 1
| #define HAVE_STDLIB_H 1
| #define HAVE_STRING_H 1
| #define HAVE_MEMORY_H 1
| #define HAVE_STRINGS_H 1
| #define HAVE_INTTYPES_H 1
| #define HAVE_STDINT_H 1
| #define HAVE_UNISTD_H 1
| /* end confdefs.h.  */
| #include <minix/config.h>
configure:4686: result: no
configure:4686: checking for minix/config.h
configure:4686: result: no
configure:4707: checking whether it is safe to define __EXTENSIONS__
configure:4725: gcc -c -g -O2 -I/home/simon/Dropbox/phyexe/phyexe/src/build/include conftest.c >&5
configure:4725: $? = 0
configure:4732: result: yes
configure:4754: checking build system type
configure:4768: result: x86_64-unknown-linux-gnu
configure:4788: checking host system type
configure:4801: result: x86_64-unknown-linux-gnu
configure:4825: checking whether make sets $(MAKE)
configure:4847: result: yes
configure:4887: checking for a sed that does not truncate output
configure:4951: result: /bin/sed
configure:4969: checking for fgrep
configure:5031: result: /bin/grep -F
configure:5066: checking for ld used by gcc
configure:5133: result: /usr/bin/ld
configure:5140: checking if the linker (/usr/bin/ld) is GNU ld
configure:5155: result: yes
configure:5167: checking for BSD- or MS-compatible name lister (nm)
configure:5216: result: /usr/bin/nm -B
configure:5334: checking the name lister (/usr/bin/nm -B) interface
configure:5341: gcc -c -g -O2 -I/home/simon/Dropbox/phyexe/phyexe/src/build/include conftest.c >&5
configure:5344: /usr/bin/nm -B "conftest.o"
configure:5347: output
0000000000000000 B some_variable
configure:5354: result: BSD nm
configure:5357: checking whether ln -s works
configure:5361: result: yes
configure:5369: checking the maximum length of command line arguments
configure:5489: result: 3458764513820540925
configure:5506: checking whether the shell understands some XSI constructs
configure:5516: result: yes
configure:5520: checking whether the shell understands "+="
configure:5526: result: yes
configure:5561: checking for /usr/bin/ld option to reload object files
configure:5568: result: -r
configure:5637: checking for objdump
configure:5653: found /usr/bin/objdump
configure:5664: result: objdump
configure:5696: checking how to recognize dependent libraries
configure:5892: result: pass_all
configure:5952: checking for ar
configure:5968: found /usr/bin/ar
configure:5979: result: ar
configure:6057: checking for strip
configure:6073: found /usr/bin/strip
configure:6084: result: strip
configure:6156: checking for ranlib
configure:6172: found /usr/bin/ranlib
configure:6183: result: ranlib
configure:6273: checking command to parse /usr/bin/nm -B output from gcc object
configure:6391: gcc -c -g -O2 -I/home/simon/Dropbox/phyexe/phyexe/src/build/include conftest.c >&5
configure:6394: $? = 0
configure:6398: /usr/bin/nm -B conftest.o \| sed -n -e 's/^.*[	 ]\([ABCDGIRSTW][ABCDGIRSTW]*\)[	 ][	 ]*\([_A-Za-z][_A-Za-z0-9]*\)$/\1 \2 \2/p' \> conftest.nm
configure:6401: $? = 0
configure:6455: gcc -o conftest -g -O2 -I/home/simon/Dropbox/phyexe/phyexe/src/build/include -L/home/simon/Dropbox/phyexe/phyexe/src/build/lib conftest.c conftstm.o >&5
configure:6458: $? = 0
configure:6496: result: ok
configure:6591: gcc -c -g -O2 -I/home/simon/Dropbox/phyexe/phyexe/src/build/include conftest.c >&5
configure:6594: $? = 0
configure:7301: checking for dlfcn.h
configure:7301: gcc -c -g -O2 -I/home/simon/Dropbox/phyexe/phyexe/src/build/include conftest.c >&5
configure:7301: $? = 0
configure:7301: result: yes
configure:7485: checking for objdir
configure:7500: result: .libs
configure:7796: checking if gcc supports -fno-rtti -fno-exceptions
configure:7814: gcc -c -g -O2 -I/home/simon/Dropbox/phyexe/phyexe/src/build/include -fno-rtti -fno-exceptions conftest.c >&5
cc1: warning: command line option "-fno-rtti" is valid for C++/ObjC++ but not for C
configure:7818: $? = 0
configure:7831: result: no
configure:7851: checking for gcc option to produce PIC
configure:8123: result: -fPIC -DPIC
configure:8135: checking if gcc PIC flag -fPIC -DPIC works
configure:8153: gcc -c -g -O2 -I/home/simon/Dropbox/phyexe/phyexe/src/build/include -fPIC -DPIC -DPIC conftest.c >&5
configure:8157: $? = 0
configure:8170: result: yes
configure:8194: checking if gcc static flag -static works
configure:8222: result: yes
configure:8237: checking if gcc supports -c -o file.o
configure:8258: gcc -c -g -O2 -I/home/simon/Dropbox/phyexe/phyexe/src/build/include -o out/conftest2.o conftest.c >&5
configure:8262: $? = 0
configure:8284: result: yes
configure:8292: checking if gcc supports -c -o file.o
configure:8339: result: yes
configure:8372: checking whether the gcc linker (/usr/bin/ld -m elf_x86_64) supports shared libraries
configure:9363: result: yes
configure:9400: checking whether -lc should be explicitly linked in
configure:9405: gcc -c -g -O2 -I/home/simon/Dropbox/phyexe/phyexe/src/build/include conftest.c >&5
configure:9408: $? = 0
configure:9423: gcc -shared conftest.o  -v -Wl,-soname -Wl,conftest -o conftest 2\>\&1 \| /bin/grep  -lc  \>/dev/null 2\>\&1
configure:9426: $? = 0
configure:9438: result: no
configure:9602: checking dynamic linker characteristics
configure:10035: gcc -o conftest -g -O2 -I/home/simon/Dropbox/phyexe/phyexe/src/build/include -L/home/simon/Dropbox/phyexe/phyexe/src/build/lib -Wl,-rpath -Wl,/foo conftest.c  >&5
configure:10035: $? = 0
configure:10265: result: GNU/Linux ld.so
configure:10367: checking how to hardcode library paths into programs
configure:10392: result: immediate
configure:10912: checking whether stripping libraries is possible
configure:10917: result: yes
configure:10952: checking if libtool supports shared libraries
configure:10954: result: yes
configure:10957: checking whether to build shared libraries
configure:10978: result: yes
configure:10981: checking whether to build static libraries
configure:10985: result: yes
configure:11081: checking for gcc
configure:11108: result: gcc
configure:11337: checking for C compiler version
configure:11346: gcc --version >&5
gcc-4.5.real (Ubuntu/Linaro 4.5.2-8ubuntu4) 4.5.2
Copyright (C) 2010 Free Software Foundation, Inc.
This is free software; see the source for copying conditions.  There is NO
warranty; not even for MERCHANTABILITY or FITNESS FOR A PARTICULAR PURPOSE.

configure:11357: $? = 0
configure:11346: gcc -v >&5
Using built-in specs.
COLLECT_GCC=/usr/bin/gcc-4.5.real
COLLECT_LTO_WRAPPER=/usr/lib/x86_64-linux-gnu/gcc/x86_64-linux-gnu/4.5.2/lto-wrapper
Target: x86_64-linux-gnu
Configured with: ../src/configure -v --with-pkgversion='Ubuntu/Linaro 4.5.2-8ubuntu4' --with-bugurl=file:///usr/share/doc/gcc-4.5/README.Bugs --enable-languages=c,c++,fortran,objc,obj-c++ --prefix=/usr --program-suffix=-4.5 --enable-shared --enable-multiarch --with-multiarch-defaults=x86_64-linux-gnu --enable-linker-build-id --with-system-zlib --libexecdir=/usr/lib/x86_64-linux-gnu --without-included-gettext --enable-threads=posix --with-gxx-include-dir=/usr/include/c++/4.5 --libdir=/usr/lib/x86_64-linux-gnu --enable-nls --with-sysroot=/ --enable-clocale=gnu --enable-libstdcxx-debug --enable-libstdcxx-time=yes --enable-plugin --enable-gold --enable-ld=default --with-plugin-ld=ld.gold --enable-objc-gc --disable-werror --with-arch-32=i686 --with-tune=generic --enable-checking=release --build=x86_64-linux-gnu --host=x86_64-linux-gnu --target=x86_64-linux-gnu
Thread model: posix
gcc version 4.5.2 (Ubuntu/Linaro 4.5.2-8ubuntu4) 
configure:11357: $? = 0
configure:11346: gcc -V >&5
gcc-4.5.real: '-V' option must have argument
configure:11357: $? = 1
configure:11346: gcc -qversion >&5
gcc-4.5.real: unrecognized option '-qversion'
gcc-4.5.real: no input files
configure:11357: $? = 1
configure:11361: checking whether we are using the GNU C compiler
configure:11389: result: yes
configure:11398: checking whether gcc accepts -g
configure:11459: result: yes
configure:11476: checking for gcc option to accept ISO C89
configure:11553: result: none needed
configure:11575: checking dependency style of gcc
configure:11685: result: gcc3
configure:11706: checking how to run the C preprocessor
configure:11776: result: gcc -E
configure:11796: gcc -E -I/home/simon/Dropbox/phyexe/phyexe/src/build/include conftest.c
configure:11796: $? = 0
configure:11810: gcc -E -I/home/simon/Dropbox/phyexe/phyexe/src/build/include conftest.c
conftest.c:28:28: fatal error: ac_nonexistent.h: No such file or directory
compilation terminated.
configure:11810: $? = 1
configure: failed program was:
| /* confdefs.h */
| #define PACKAGE_NAME "Clustal Omega"
| #define PACKAGE_TARNAME "clustal-omega"
| #define PACKAGE_VERSION "1.1.0"
| #define PACKAGE_STRING "Clustal Omega 1.1.0"
| #define PACKAGE_BUGREPORT "clustalw@ucd.ie"
| #define PACKAGE_URL ""
| #define PACKAGE "clustal-omega"
| #define VERSION "1.1.0"
| #define STDC_HEADERS 1
| #define HAVE_SYS_TYPES_H 1
| #define HAVE_SYS_STAT_H 1
| #define HAVE_STDLIB_H 1
| #define HAVE_STRING_H 1
| #define HAVE_MEMORY_H 1
| #define HAVE_STRINGS_H 1
| #define HAVE_INTTYPES_H 1
| #define HAVE_STDINT_H 1
| #define HAVE_UNISTD_H 1
| #define __EXTENSIONS__ 1
| #define _ALL_SOURCE 1
| #define _GNU_SOURCE 1
| #define _POSIX_PTHREAD_SEMANTICS 1
| #define _TANDEM_SOURCE 1
| #define HAVE_DLFCN_H 1
| #define LT_OBJDIR ".libs/"
| /* end confdefs.h.  */
| #include <ac_nonexistent.h>
configure:11901: checking for g++
configure:11917: found /usr/bin/g++
configure:11928: result: g++
configure:11955: checking for C++ compiler version
configure:11964: g++ --version >&5
g++-4.5.real (Ubuntu/Linaro 4.5.2-8ubuntu4) 4.5.2
Copyright (C) 2010 Free Software Foundation, Inc.
This is free software; see the source for copying conditions.  There is NO
warranty; not even for MERCHANTABILITY or FITNESS FOR A PARTICULAR PURPOSE.

configure:11975: $? = 0
configure:11964: g++ -v >&5
Using built-in specs.
COLLECT_GCC=/usr/bin/g++-4.5.real
COLLECT_LTO_WRAPPER=/usr/lib/x86_64-linux-gnu/gcc/x86_64-linux-gnu/4.5.2/lto-wrapper
Target: x86_64-linux-gnu
Configured with: ../src/configure -v --with-pkgversion='Ubuntu/Linaro 4.5.2-8ubuntu4' --with-bugurl=file:///usr/share/doc/gcc-4.5/README.Bugs --enable-languages=c,c++,fortran,objc,obj-c++ --prefix=/usr --program-suffix=-4.5 --enable-shared --enable-multiarch --with-multiarch-defaults=x86_64-linux-gnu --enable-linker-build-id --with-system-zlib --libexecdir=/usr/lib/x86_64-linux-gnu --without-included-gettext --enable-threads=posix --with-gxx-include-dir=/usr/include/c++/4.5 --libdir=/usr/lib/x86_64-linux-gnu --enable-nls --with-sysroot=/ --enable-clocale=gnu --enable-libstdcxx-debug --enable-libstdcxx-time=yes --enable-plugin --enable-gold --enable-ld=default --with-plugin-ld=ld.gold --enable-objc-gc --disable-werror --with-arch-32=i686 --with-tune=generic --enable-checking=release --build=x86_64-linux-gnu --host=x86_64-linux-gnu --target=x86_64-linux-gnu
Thread model: posix
gcc version 4.5.2 (Ubuntu/Linaro 4.5.2-8ubuntu4) 
configure:11975: $? = 0
configure:11964: g++ -V >&5
g++-4.5.real: '-V' option must have argument
configure:11975: $? = 1
configure:11964: g++ -qversion >&5
g++-4.5.real: unrecognized option '-qversion'
g++-4.5.real: no input files
configure:11975: $? = 1
configure:11979: checking whether we are using the GNU C++ compiler
configure:11998: g++ -c  -I/home/simon/Dropbox/phyexe/phyexe/src/build/include conftest.cpp >&5
configure:11998: $? = 0
configure:12007: result: yes
configure:12016: checking whether g++ accepts -g
configure:12036: g++ -c -g -I/home/simon/Dropbox/phyexe/phyexe/src/build/include conftest.cpp >&5
configure:12036: $? = 0
configure:12077: result: yes
configure:12102: checking dependency style of g++
configure:12212: result: gcc3
configure:12340: checking for C++ compiler version
configure:12349: g++ --version >&5
g++-4.5.real (Ubuntu/Linaro 4.5.2-8ubuntu4) 4.5.2
Copyright (C) 2010 Free Software Foundation, Inc.
This is free software; see the source for copying conditions.  There is NO
warranty; not even for MERCHANTABILITY or FITNESS FOR A PARTICULAR PURPOSE.

configure:12360: $? = 0
configure:12349: g++ -v >&5
Using built-in specs.
COLLECT_GCC=/usr/bin/g++-4.5.real
COLLECT_LTO_WRAPPER=/usr/lib/x86_64-linux-gnu/gcc/x86_64-linux-gnu/4.5.2/lto-wrapper
Target: x86_64-linux-gnu
Configured with: ../src/configure -v --with-pkgversion='Ubuntu/Linaro 4.5.2-8ubuntu4' --with-bugurl=file:///usr/share/doc/gcc-4.5/README.Bugs --enable-languages=c,c++,fortran,objc,obj-c++ --prefix=/usr --program-suffix=-4.5 --enable-shared --enable-multiarch --with-multiarch-defaults=x86_64-linux-gnu --enable-linker-build-id --with-system-zlib --libexecdir=/usr/lib/x86_64-linux-gnu --without-included-gettext --enable-threads=posix --with-gxx-include-dir=/usr/include/c++/4.5 --libdir=/usr/lib/x86_64-linux-gnu --enable-nls --with-sysroot=/ --enable-clocale=gnu --enable-libstdcxx-debug --enable-libstdcxx-time=yes --enable-plugin --enable-gold --enable-ld=default --with-plugin-ld=ld.gold --enable-objc-gc --disable-werror --with-arch-32=i686 --with-tune=generic --enable-checking=release --build=x86_64-linux-gnu --host=x86_64-linux-gnu --target=x86_64-linux-gnu
Thread model: posix
gcc version 4.5.2 (Ubuntu/Linaro 4.5.2-8ubuntu4) 
configure:12360: $? = 0
configure:12349: g++ -V >&5
g++-4.5.real: '-V' option must have argument
configure:12360: $? = 1
configure:12349: g++ -qversion >&5
g++-4.5.real: unrecognized option '-qversion'
g++-4.5.real: no input files
configure:12360: $? = 1
configure:12364: checking whether we are using the GNU C++ compiler
configure:12392: result: yes
configure:12401: checking whether g++ accepts -g
configure:12462: result: yes
configure:12487: checking dependency style of g++
configure:12597: result: gcc3
configure:12620: checking how to run the C++ preprocessor
configure:12647: g++ -E -I/home/simon/Dropbox/phyexe/phyexe/src/build/include conftest.cpp
configure:12647: $? = 0
configure:12661: g++ -E -I/home/simon/Dropbox/phyexe/phyexe/src/build/include conftest.cpp
conftest.cpp:28:28: fatal error: ac_nonexistent.h: No such file or directory
compilation terminated.
configure:12661: $? = 1
configure: failed program was:
| /* confdefs.h */
| #define PACKAGE_NAME "Clustal Omega"
| #define PACKAGE_TARNAME "clustal-omega"
| #define PACKAGE_VERSION "1.1.0"
| #define PACKAGE_STRING "Clustal Omega 1.1.0"
| #define PACKAGE_BUGREPORT "clustalw@ucd.ie"
| #define PACKAGE_URL ""
| #define PACKAGE "clustal-omega"
| #define VERSION "1.1.0"
| #define STDC_HEADERS 1
| #define HAVE_SYS_TYPES_H 1
| #define HAVE_SYS_STAT_H 1
| #define HAVE_STDLIB_H 1
| #define HAVE_STRING_H 1
| #define HAVE_MEMORY_H 1
| #define HAVE_STRINGS_H 1
| #define HAVE_INTTYPES_H 1
| #define HAVE_STDINT_H 1
| #define HAVE_UNISTD_H 1
| #define __EXTENSIONS__ 1
| #define _ALL_SOURCE 1
| #define _GNU_SOURCE 1
| #define _POSIX_PTHREAD_SEMANTICS 1
| #define _TANDEM_SOURCE 1
| #define HAVE_DLFCN_H 1
| #define LT_OBJDIR ".libs/"
| /* end confdefs.h.  */
| #include <ac_nonexistent.h>
configure:12686: result: g++ -E
configure:12706: g++ -E -I/home/simon/Dropbox/phyexe/phyexe/src/build/include conftest.cpp
configure:12706: $? = 0
configure:12720: g++ -E -I/home/simon/Dropbox/phyexe/phyexe/src/build/include conftest.cpp
conftest.cpp:28:28: fatal error: ac_nonexistent.h: No such file or directory
compilation terminated.
configure:12720: $? = 1
configure: failed program was:
| /* confdefs.h */
| #define PACKAGE_NAME "Clustal Omega"
| #define PACKAGE_TARNAME "clustal-omega"
| #define PACKAGE_VERSION "1.1.0"
| #define PACKAGE_STRING "Clustal Omega 1.1.0"
| #define PACKAGE_BUGREPORT "clustalw@ucd.ie"
| #define PACKAGE_URL ""
| #define PACKAGE "clustal-omega"
| #define VERSION "1.1.0"
| #define STDC_HEADERS 1
| #define HAVE_SYS_TYPES_H 1
| #define HAVE_SYS_STAT_H 1
| #define HAVE_STDLIB_H 1
| #define HAVE_STRING_H 1
| #define HAVE_MEMORY_H 1
| #define HAVE_STRINGS_H 1
| #define HAVE_INTTYPES_H 1
| #define HAVE_STDINT_H 1
| #define HAVE_UNISTD_H 1
| #define __EXTENSIONS__ 1
| #define _ALL_SOURCE 1
| #define _GNU_SOURCE 1
| #define _POSIX_PTHREAD_SEMANTICS 1
| #define _TANDEM_SOURCE 1
| #define HAVE_DLFCN_H 1
| #define LT_OBJDIR ".libs/"
| /* end confdefs.h.  */
| #include <ac_nonexistent.h>
configure:12888: checking for ld used by g++
configure:12955: result: /usr/bin/ld -m elf_x86_64
configure:12962: checking if the linker (/usr/bin/ld -m elf_x86_64) is GNU ld
configure:12977: result: yes
configure:13032: checking whether the g++ linker (/usr/bin/ld -m elf_x86_64) supports shared libraries
configure:13945: result: yes
configure:13973: g++ -c -g -O2 -I/home/simon/Dropbox/phyexe/phyexe/src/build/include conftest.cpp >&5
configure:13976: $? = 0
configure:14158: checking for g++ option to produce PIC
configure:14475: result: -fPIC -DPIC
configure:14484: checking if g++ PIC flag -fPIC -DPIC works
configure:14502: g++ -c -g -O2 -I/home/simon/Dropbox/phyexe/phyexe/src/build/include -fPIC -DPIC -DPIC conftest.cpp >&5
configure:14506: $? = 0
configure:14519: result: yes
configure:14540: checking if g++ static flag -static works
configure:14568: result: yes
configure:14580: checking if g++ supports -c -o file.o
configure:14601: g++ -c -g -O2 -I/home/simon/Dropbox/phyexe/phyexe/src/build/include -o out/conftest2.o conftest.cpp >&5
configure:14605: $? = 0
configure:14627: result: yes
configure:14632: checking if g++ supports -c -o file.o
configure:14679: result: yes
configure:14709: checking whether the g++ linker (/usr/bin/ld -m elf_x86_64) supports shared libraries
configure:14738: result: yes
configure:14875: checking dynamic linker characteristics
configure:15256: g++ -o conftest -g -O2 -I/home/simon/Dropbox/phyexe/phyexe/src/build/include -L/home/simon/Dropbox/phyexe/phyexe/src/build/lib -Wl,-rpath -Wl,/foo conftest.cpp  >&5
configure:15256: $? = 0
configure:15486: result: GNU/Linux ld.so
configure:15537: checking how to hardcode library paths into programs
configure:15562: result: immediate
configure:15607: checking how to run the C++ preprocessor
configure:15673: result: g++ -E
configure:15693: g++ -E -I/home/simon/Dropbox/phyexe/phyexe/src/build/include conftest.cpp
configure:15693: $? = 0
configure:15707: g++ -E -I/home/simon/Dropbox/phyexe/phyexe/src/build/include conftest.cpp
conftest.cpp:28:28: fatal error: ac_nonexistent.h: No such file or directory
compilation terminated.
configure:15707: $? = 1
configure: failed program was:
| /* confdefs.h */
| #define PACKAGE_NAME "Clustal Omega"
| #define PACKAGE_TARNAME "clustal-omega"
| #define PACKAGE_VERSION "1.1.0"
| #define PACKAGE_STRING "Clustal Omega 1.1.0"
| #define PACKAGE_BUGREPORT "clustalw@ucd.ie"
| #define PACKAGE_URL ""
| #define PACKAGE "clustal-omega"
| #define VERSION "1.1.0"
| #define STDC_HEADERS 1
| #define HAVE_SYS_TYPES_H 1
| #define HAVE_SYS_STAT_H 1
| #define HAVE_STDLIB_H 1
| #define HAVE_STRING_H 1
| #define HAVE_MEMORY_H 1
| #define HAVE_STRINGS_H 1
| #define HAVE_INTTYPES_H 1
| #define HAVE_STDINT_H 1
| #define HAVE_UNISTD_H 1
| #define __EXTENSIONS__ 1
| #define _ALL_SOURCE 1
| #define _GNU_SOURCE 1
| #define _POSIX_PTHREAD_SEMANTICS 1
| #define _TANDEM_SOURCE 1
| #define HAVE_DLFCN_H 1
| #define LT_OBJDIR ".libs/"
| /* end confdefs.h.  */
| #include <ac_nonexistent.h>
configure:15888: checking for ANSI C header files
configure:15992: result: yes
configure:16004: checking assert.h usability
configure:16004: gcc -c -g -O2 -I/home/simon/Dropbox/phyexe/phyexe/src/build/include conftest.c >&5
configure:16004: $? = 0
configure:16004: result: yes
configure:16004: checking assert.h presence
configure:16004: gcc -E -I/home/simon/Dropbox/phyexe/phyexe/src/build/include conftest.c
configure:16004: $? = 0
configure:16004: result: yes
configure:16004: checking for assert.h
configure:16004: result: yes
configure:16004: checking ctype.h usability
configure:16004: gcc -c -g -O2 -I/home/simon/Dropbox/phyexe/phyexe/src/build/include conftest.c >&5
configure:16004: $? = 0
configure:16004: result: yes
configure:16004: checking ctype.h presence
configure:16004: gcc -E -I/home/simon/Dropbox/phyexe/phyexe/src/build/include conftest.c
configure:16004: $? = 0
configure:16004: result: yes
configure:16004: checking for ctype.h
configure:16004: result: yes
configure:16004: checking float.h usability
configure:16004: gcc -c -g -O2 -I/home/simon/Dropbox/phyexe/phyexe/src/build/include conftest.c >&5
configure:16004: $? = 0
configure:16004: result: yes
configure:16004: checking float.h presence
configure:16004: gcc -E -I/home/simon/Dropbox/phyexe/phyexe/src/build/include conftest.c
configure:16004: $? = 0
configure:16004: result: yes
configure:16004: checking for float.h
configure:16004: result: yes
configure:16004: checking limits.h usability
configure:16004: gcc -c -g -O2 -I/home/simon/Dropbox/phyexe/phyexe/src/build/include conftest.c >&5
configure:16004: $? = 0
configure:16004: result: yes
configure:16004: checking limits.h presence
configure:16004: gcc -E -I/home/simon/Dropbox/phyexe/phyexe/src/build/include conftest.c
configure:16004: $? = 0
configure:16004: result: yes
configure:16004: checking for limits.h
configure:16004: result: yes
configure:16004: checking math.h usability
configure:16004: gcc -c -g -O2 -I/home/simon/Dropbox/phyexe/phyexe/src/build/include conftest.c >&5
configure:16004: $? = 0
configure:16004: result: yes
configure:16004: checking math.h presence
configure:16004: gcc -E -I/home/simon/Dropbox/phyexe/phyexe/src/build/include conftest.c
configure:16004: $? = 0
configure:16004: result: yes
configure:16004: checking for math.h
configure:16004: result: yes
configure:16004: checking for memory.h
configure:16004: result: yes
configure:16004: checking stdarg.h usability
configure:16004: gcc -c -g -O2 -I/home/simon/Dropbox/phyexe/phyexe/src/build/include conftest.c >&5
configure:16004: $? = 0
configure:16004: result: yes
configure:16004: checking stdarg.h presence
configure:16004: gcc -E -I/home/simon/Dropbox/phyexe/phyexe/src/build/include conftest.c
configure:16004: $? = 0
configure:16004: result: yes
configure:16004: checking for stdarg.h
configure:16004: result: yes
configure:16004: checking stdio.h usability
configure:16004: gcc -c -g -O2 -I/home/simon/Dropbox/phyexe/phyexe/src/build/include conftest.c >&5
configure:16004: $? = 0
configure:16004: result: yes
configure:16004: checking stdio.h presence
configure:16004: gcc -E -I/home/simon/Dropbox/phyexe/phyexe/src/build/include conftest.c
configure:16004: $? = 0
configure:16004: result: yes
configure:16004: checking for stdio.h
configure:16004: result: yes
configure:16004: checking for stdlib.h
configure:16004: result: yes
configure:16004: checking for string.h
configure:16004: result: yes
configure:16004: checking time.h usability
configure:16004: gcc -c -g -O2 -I/home/simon/Dropbox/phyexe/phyexe/src/build/include conftest.c >&5
configure:16004: $? = 0
configure:16004: result: yes
configure:16004: checking time.h presence
configure:16004: gcc -E -I/home/simon/Dropbox/phyexe/phyexe/src/build/include conftest.c
configure:16004: $? = 0
configure:16004: result: yes
configure:16004: checking for time.h
configure:16004: result: yes
configure:16004: checking for unistd.h
configure:16004: result: yes
configure:16018: checking for an ANSI C-conforming const
configure:16083: gcc -c -g -O2 -I/home/simon/Dropbox/phyexe/phyexe/src/build/include conftest.c >&5
configure:16083: $? = 0
configure:16090: result: yes
configure:16098: checking for size_t
configure:16098: gcc -c -g -O2 -I/home/simon/Dropbox/phyexe/phyexe/src/build/include conftest.c >&5
configure:16098: $? = 0
configure:16098: gcc -c -g -O2 -I/home/simon/Dropbox/phyexe/phyexe/src/build/include conftest.c >&5
conftest.c: In function 'main':
conftest.c:80:21: error: expected expression before ')' token
configure:16098: $? = 1
configure: failed program was:
| /* confdefs.h */
| #define PACKAGE_NAME "Clustal Omega"
| #define PACKAGE_TARNAME "clustal-omega"
| #define PACKAGE_VERSION "1.1.0"
| #define PACKAGE_STRING "Clustal Omega 1.1.0"
| #define PACKAGE_BUGREPORT "clustalw@ucd.ie"
| #define PACKAGE_URL ""
| #define PACKAGE "clustal-omega"
| #define VERSION "1.1.0"
| #define STDC_HEADERS 1
| #define HAVE_SYS_TYPES_H 1
| #define HAVE_SYS_STAT_H 1
| #define HAVE_STDLIB_H 1
| #define HAVE_STRING_H 1
| #define HAVE_MEMORY_H 1
| #define HAVE_STRINGS_H 1
| #define HAVE_INTTYPES_H 1
| #define HAVE_STDINT_H 1
| #define HAVE_UNISTD_H 1
| #define __EXTENSIONS__ 1
| #define _ALL_SOURCE 1
| #define _GNU_SOURCE 1
| #define _POSIX_PTHREAD_SEMANTICS 1
| #define _TANDEM_SOURCE 1
| #define HAVE_DLFCN_H 1
| #define LT_OBJDIR ".libs/"
| #define CLUSTALO 1
| #define PACKAGE_CODENAME "FilumVitae"
| #define LINUX 1
| #define STDC_HEADERS 1
| #define HAVE_ASSERT_H 1
| #define HAVE_CTYPE_H 1
| #define HAVE_FLOAT_H 1
| #define HAVE_LIMITS_H 1
| #define HAVE_MATH_H 1
| #define HAVE_MEMORY_H 1
| #define HAVE_STDARG_H 1
| #define HAVE_STDIO_H 1
| #define HAVE_STDLIB_H 1
| #define HAVE_STRING_H 1
| #define HAVE_TIME_H 1
| #define HAVE_UNISTD_H 1
| /* end confdefs.h.  */
| #include <stdio.h>
| #ifdef HAVE_SYS_TYPES_H
| # include <sys/types.h>
| #endif
| #ifdef HAVE_SYS_STAT_H
| # include <sys/stat.h>
| #endif
| #ifdef STDC_HEADERS
| # include <stdlib.h>
| # include <stddef.h>
| #else
| # ifdef HAVE_STDLIB_H
| #  include <stdlib.h>
| # endif
| #endif
| #ifdef HAVE_STRING_H
| # if !defined STDC_HEADERS && defined HAVE_MEMORY_H
| #  include <memory.h>
| # endif
| # include <string.h>
| #endif
| #ifdef HAVE_STRINGS_H
| # include <strings.h>
| #endif
| #ifdef HAVE_INTTYPES_H
| # include <inttypes.h>
| #endif
| #ifdef HAVE_STDINT_H
| # include <stdint.h>
| #endif
| #ifdef HAVE_UNISTD_H
| # include <unistd.h>
| #endif
| int
| main ()
| {
| if (sizeof ((size_t)))
| 	    return 0;
|   ;
|   return 0;
| }
configure:16098: result: yes
configure:16109: checking for inline
configure:16125: gcc -c -g -O2 -I/home/simon/Dropbox/phyexe/phyexe/src/build/include conftest.c >&5
configure:16125: $? = 0
configure:16133: result: inline
configure:16158: checking for log in -lm
configure:16183: gcc -o conftest -g -O2 -I/home/simon/Dropbox/phyexe/phyexe/src/build/include -L/home/simon/Dropbox/phyexe/phyexe/src/build/lib conftest.c -lm   >&5
conftest.c:51:6: warning: conflicting types for built-in function 'log'
configure:16183: $? = 0
configure:16192: result: yes
configure:16205: checking for log2 in -lm
configure:16230: gcc -o conftest -g -O2 -I/home/simon/Dropbox/phyexe/phyexe/src/build/include -L/home/simon/Dropbox/phyexe/phyexe/src/build/lib conftest.c -lm  -lm  >&5
conftest.c:52:6: warning: conflicting types for built-in function 'log2'
configure:16230: $? = 0
configure:16239: result: yes
configure:16254: checking argtable2.h usability
configure:16254: gcc -c -g -O2 -I/home/simon/Dropbox/phyexe/phyexe/src/build/include conftest.c >&5
configure:16254: $? = 0
configure:16254: result: yes
configure:16254: checking argtable2.h presence
configure:16254: gcc -E -I/home/simon/Dropbox/phyexe/phyexe/src/build/include conftest.c
configure:16254: $? = 0
configure:16254: result: yes
configure:16254: checking for argtable2.h
configure:16254: result: yes
configure:16266: checking for arg_parse in -largtable2
configure:16291: gcc -o conftest -g -O2 -I/home/simon/Dropbox/phyexe/phyexe/src/build/include -L/home/simon/Dropbox/phyexe/phyexe/src/build/lib conftest.c -largtable2  -lm  >&5
configure:16291: $? = 0
configure:16300: result: yes
configure:16451: checking for OpenMP flag of C compiler
configure:16487: gcc -o conftest -g -O2 -fopenmp -I/home/simon/Dropbox/phyexe/phyexe/src/build/include -L/home/simon/Dropbox/phyexe/phyexe/src/build/lib conftest.c -largtable2 -lm  >&5
configure:16487: $? = 0
configure:16496: result: -fopenmp
configure:16541: checking whether byte ordering is bigendian
configure:16556: gcc -c -g -O2 -I/home/simon/Dropbox/phyexe/phyexe/src/build/include conftest.c >&5
conftest.c:50:13: error: expected '=', ',', ';', 'asm' or '__attribute__' before 'a'
configure:16556: $? = 1
configure: failed program was:
| /* confdefs.h */
| #define PACKAGE_NAME "Clustal Omega"
| #define PACKAGE_TARNAME "clustal-omega"
| #define PACKAGE_VERSION "1.1.0"
| #define PACKAGE_STRING "Clustal Omega 1.1.0"
| #define PACKAGE_BUGREPORT "clustalw@ucd.ie"
| #define PACKAGE_URL ""
| #define PACKAGE "clustal-omega"
| #define VERSION "1.1.0"
| #define STDC_HEADERS 1
| #define HAVE_SYS_TYPES_H 1
| #define HAVE_SYS_STAT_H 1
| #define HAVE_STDLIB_H 1
| #define HAVE_STRING_H 1
| #define HAVE_MEMORY_H 1
| #define HAVE_STRINGS_H 1
| #define HAVE_INTTYPES_H 1
| #define HAVE_STDINT_H 1
| #define HAVE_UNISTD_H 1
| #define __EXTENSIONS__ 1
| #define _ALL_SOURCE 1
| #define _GNU_SOURCE 1
| #define _POSIX_PTHREAD_SEMANTICS 1
| #define _TANDEM_SOURCE 1
| #define HAVE_DLFCN_H 1
| #define LT_OBJDIR ".libs/"
| #define CLUSTALO 1
| #define PACKAGE_CODENAME "FilumVitae"
| #define LINUX 1
| #define STDC_HEADERS 1
| #define HAVE_ASSERT_H 1
| #define HAVE_CTYPE_H 1
| #define HAVE_FLOAT_H 1
| #define HAVE_LIMITS_H 1
| #define HAVE_MATH_H 1
| #define HAVE_MEMORY_H 1
| #define HAVE_STDARG_H 1
| #define HAVE_STDIO_H 1
| #define HAVE_STDLIB_H 1
| #define HAVE_STRING_H 1
| #define HAVE_TIME_H 1
| #define HAVE_UNISTD_H 1
| #define HAVE_LIBM 1
| #define HAVE_LOG2 1
| #define HAVE_ARGTABLE2_H 1
| #define HAVE_LIBARGTABLE2 1
| #define HAVE_OPENMP 1
| /* end confdefs.h.  */
| #ifndef __APPLE_CC__
| 	       not a universal capable compiler
| 	     #endif
| 	     typedef int dummy;
| 
configure:16601: gcc -c -g -O2 -I/home/simon/Dropbox/phyexe/phyexe/src/build/include conftest.c >&5
configure:16601: $? = 0
configure:16619: gcc -c -g -O2 -I/home/simon/Dropbox/phyexe/phyexe/src/build/include conftest.c >&5
conftest.c: In function 'main':
conftest.c:56:4: error: 'not' undeclared (first use in this function)
conftest.c:56:4: note: each undeclared identifier is reported only once for each function it appears in
conftest.c:56:8: error: expected ';' before 'big'
configure:16619: $? = 1
configure: failed program was:
| /* confdefs.h */
| #define PACKAGE_NAME "Clustal Omega"
| #define PACKAGE_TARNAME "clustal-omega"
| #define PACKAGE_VERSION "1.1.0"
| #define PACKAGE_STRING "Clustal Omega 1.1.0"
| #define PACKAGE_BUGREPORT "clustalw@ucd.ie"
| #define PACKAGE_URL ""
| #define PACKAGE "clustal-omega"
| #define VERSION "1.1.0"
| #define STDC_HEADERS 1
| #define HAVE_SYS_TYPES_H 1
| #define HAVE_SYS_STAT_H 1
| #define HAVE_STDLIB_H 1
| #define HAVE_STRING_H 1
| #define HAVE_MEMORY_H 1
| #define HAVE_STRINGS_H 1
| #define HAVE_INTTYPES_H 1
| #define HAVE_STDINT_H 1
| #define HAVE_UNISTD_H 1
| #define __EXTENSIONS__ 1
| #define _ALL_SOURCE 1
| #define _GNU_SOURCE 1
| #define _POSIX_PTHREAD_SEMANTICS 1
| #define _TANDEM_SOURCE 1
| #define HAVE_DLFCN_H 1
| #define LT_OBJDIR ".libs/"
| #define CLUSTALO 1
| #define PACKAGE_CODENAME "FilumVitae"
| #define LINUX 1
| #define STDC_HEADERS 1
| #define HAVE_ASSERT_H 1
| #define HAVE_CTYPE_H 1
| #define HAVE_FLOAT_H 1
| #define HAVE_LIMITS_H 1
| #define HAVE_MATH_H 1
| #define HAVE_MEMORY_H 1
| #define HAVE_STDARG_H 1
| #define HAVE_STDIO_H 1
| #define HAVE_STDLIB_H 1
| #define HAVE_STRING_H 1
| #define HAVE_TIME_H 1
| #define HAVE_UNISTD_H 1
| #define HAVE_LIBM 1
| #define HAVE_LOG2 1
| #define HAVE_ARGTABLE2_H 1
| #define HAVE_LIBARGTABLE2 1
| #define HAVE_OPENMP 1
| /* end confdefs.h.  */
| #include <sys/types.h>
| 		#include <sys/param.h>
| 
| int
| main ()
| {
| #if BYTE_ORDER != BIG_ENDIAN
| 		 not big endian
| 		#endif
| 
|   ;
|   return 0;
| }
configure:16747: result: no
configure:16768: checking for ntohs
configure:16768: gcc -o conftest -g -O2 -I/home/simon/Dropbox/phyexe/phyexe/src/build/include -L/home/simon/Dropbox/phyexe/phyexe/src/build/lib conftest.c -largtable2 -lm  >&5
configure:16768: $? = 0
configure:16768: result: yes
configure:16768: checking for ntohl
configure:16768: gcc -o conftest -g -O2 -I/home/simon/Dropbox/phyexe/phyexe/src/build/include -L/home/simon/Dropbox/phyexe/phyexe/src/build/lib conftest.c -largtable2 -lm  >&5
configure:16768: $? = 0
configure:16768: result: yes
configure:16768: checking for ntons
configure:16768: gcc -o conftest -g -O2 -I/home/simon/Dropbox/phyexe/phyexe/src/build/include -L/home/simon/Dropbox/phyexe/phyexe/src/build/lib conftest.c -largtable2 -lm  >&5
/tmp/cc9LP266.o: In function `main':
/home/simon/Dropbox/phyexe/phyexe/src/clustalo/conftest.c:85: undefined reference to `ntons'
collect2: ld returned 1 exit status
configure:16768: $? = 1
configure: failed program was:
| /* confdefs.h */
| #define PACKAGE_NAME "Clustal Omega"
| #define PACKAGE_TARNAME "clustal-omega"
| #define PACKAGE_VERSION "1.1.0"
| #define PACKAGE_STRING "Clustal Omega 1.1.0"
| #define PACKAGE_BUGREPORT "clustalw@ucd.ie"
| #define PACKAGE_URL ""
| #define PACKAGE "clustal-omega"
| #define VERSION "1.1.0"
| #define STDC_HEADERS 1
| #define HAVE_SYS_TYPES_H 1
| #define HAVE_SYS_STAT_H 1
| #define HAVE_STDLIB_H 1
| #define HAVE_STRING_H 1
| #define HAVE_MEMORY_H 1
| #define HAVE_STRINGS_H 1
| #define HAVE_INTTYPES_H 1
| #define HAVE_STDINT_H 1
| #define HAVE_UNISTD_H 1
| #define __EXTENSIONS__ 1
| #define _ALL_SOURCE 1
| #define _GNU_SOURCE 1
| #define _POSIX_PTHREAD_SEMANTICS 1
| #define _TANDEM_SOURCE 1
| #define HAVE_DLFCN_H 1
| #define LT_OBJDIR ".libs/"
| #define CLUSTALO 1
| #define PACKAGE_CODENAME "FilumVitae"
| #define LINUX 1
| #define STDC_HEADERS 1
| #define HAVE_ASSERT_H 1
| #define HAVE_CTYPE_H 1
| #define HAVE_FLOAT_H 1
| #define HAVE_LIMITS_H 1
| #define HAVE_MATH_H 1
| #define HAVE_MEMORY_H 1
| #define HAVE_STDARG_H 1
| #define HAVE_STDIO_H 1
| #define HAVE_STDLIB_H 1
| #define HAVE_STRING_H 1
| #define HAVE_TIME_H 1
| #define HAVE_UNISTD_H 1
| #define HAVE_LIBM 1
| #define HAVE_LOG2 1
| #define HAVE_ARGTABLE2_H 1
| #define HAVE_LIBARGTABLE2 1
| #define HAVE_OPENMP 1
| #define HAVE_NTOHS 1
| #define HAVE_NTOHL 1
| /* end confdefs.h.  */
| /* Define ntons to an innocuous variant, in case <limits.h> declares ntons.
|    For example, HP-UX 11i <limits.h> declares gettimeofday.  */
| #define ntons innocuous_ntons
| 
| /* System header to define __stub macros and hopefully few prototypes,
|     which can conflict with char ntons (); below.
|     Prefer <limits.h> to <assert.h> if __STDC__ is defined, since
|     <limits.h> exists even on freestanding compilers.  */
| 
| #ifdef __STDC__
| # include <limits.h>
| #else
| # include <assert.h>
| #endif
| 
| #undef ntons
| 
| /* Override any GCC internal prototype to avoid an error.
|    Use char because int might match the return type of a GCC
|    builtin and then its argument prototype would still apply.  */
| #ifdef __cplusplus
| extern "C"
| #endif
| char ntons ();
| /* The GNU C library defines this for functions which it implements
|     to always fail with ENOSYS.  Some functions are actually named
|     something starting with __ and the normal name is an alias.  */
| #if defined __stub_ntons || defined __stub___ntons
| choke me
| #endif
| 
| int
| main ()
| {
| return ntons ();
|   ;
|   return 0;
| }
configure:16768: result: no
configure:16768: checking for ntonl
configure:16768: gcc -o conftest -g -O2 -I/home/simon/Dropbox/phyexe/phyexe/src/build/include -L/home/simon/Dropbox/phyexe/phyexe/src/build/lib conftest.c -largtable2 -lm  >&5
/tmp/ccMZgL43.o: In function `main':
/home/simon/Dropbox/phyexe/phyexe/src/clustalo/conftest.c:85: undefined reference to `ntonl'
collect2: ld returned 1 exit status
configure:16768: $? = 1
configure: failed program was:
| /* confdefs.h */
| #define PACKAGE_NAME "Clustal Omega"
| #define PACKAGE_TARNAME "clustal-omega"
| #define PACKAGE_VERSION "1.1.0"
| #define PACKAGE_STRING "Clustal Omega 1.1.0"
| #define PACKAGE_BUGREPORT "clustalw@ucd.ie"
| #define PACKAGE_URL ""
| #define PACKAGE "clustal-omega"
| #define VERSION "1.1.0"
| #define STDC_HEADERS 1
| #define HAVE_SYS_TYPES_H 1
| #define HAVE_SYS_STAT_H 1
| #define HAVE_STDLIB_H 1
| #define HAVE_STRING_H 1
| #define HAVE_MEMORY_H 1
| #define HAVE_STRINGS_H 1
| #define HAVE_INTTYPES_H 1
| #define HAVE_STDINT_H 1
| #define HAVE_UNISTD_H 1
| #define __EXTENSIONS__ 1
| #define _ALL_SOURCE 1
| #define _GNU_SOURCE 1
| #define _POSIX_PTHREAD_SEMANTICS 1
| #define _TANDEM_SOURCE 1
| #define HAVE_DLFCN_H 1
| #define LT_OBJDIR ".libs/"
| #define CLUSTALO 1
| #define PACKAGE_CODENAME "FilumVitae"
| #define LINUX 1
| #define STDC_HEADERS 1
| #define HAVE_ASSERT_H 1
| #define HAVE_CTYPE_H 1
| #define HAVE_FLOAT_H 1
| #define HAVE_LIMITS_H 1
| #define HAVE_MATH_H 1
| #define HAVE_MEMORY_H 1
| #define HAVE_STDARG_H 1
| #define HAVE_STDIO_H 1
| #define HAVE_STDLIB_H 1
| #define HAVE_STRING_H 1
| #define HAVE_TIME_H 1
| #define HAVE_UNISTD_H 1
| #define HAVE_LIBM 1
| #define HAVE_LOG2 1
| #define HAVE_ARGTABLE2_H 1
| #define HAVE_LIBARGTABLE2 1
| #define HAVE_OPENMP 1
| #define HAVE_NTOHS 1
| #define HAVE_NTOHL 1
| /* end confdefs.h.  */
| /* Define ntonl to an innocuous variant, in case <limits.h> declares ntonl.
|    For example, HP-UX 11i <limits.h> declares gettimeofday.  */
| #define ntonl innocuous_ntonl
| 
| /* System header to define __stub macros and hopefully few prototypes,
|     which can conflict with char ntonl (); below.
|     Prefer <limits.h> to <assert.h> if __STDC__ is defined, since
|     <limits.h> exists even on freestanding compilers.  */
| 
| #ifdef __STDC__
| # include <limits.h>
| #else
| # include <assert.h>
| #endif
| 
| #undef ntonl
| 
| /* Override any GCC internal prototype to avoid an error.
|    Use char because int might match the return type of a GCC
|    builtin and then its argument prototype would still apply.  */
| #ifdef __cplusplus
| extern "C"
| #endif
| char ntonl ();
| /* The GNU C library defines this for functions which it implements
|     to always fail with ENOSYS.  Some functions are actually named
|     something starting with __ and the normal name is an alias.  */
| #if defined __stub_ntonl || defined __stub___ntonl
| choke me
| #endif
| 
| int
| main ()
| {
| return ntonl ();
|   ;
|   return 0;
| }
configure:16768: result: no
configure:16783: checking size of unsigned short
configure:16788: gcc -o conftest -g -O2 -I/home/simon/Dropbox/phyexe/phyexe/src/build/include -L/home/simon/Dropbox/phyexe/phyexe/src/build/lib conftest.c -largtable2 -lm  >&5
configure:16788: $? = 0
configure:16788: ./conftest
./conftest: error while loading shared libraries: libargtable2.so.0: cannot open shared object file: No such file or directory
configure:16788: $? = 127
configure: program exited with status 127
configure: failed program was:
| /* confdefs.h */
| #define PACKAGE_NAME "Clustal Omega"
| #define PACKAGE_TARNAME "clustal-omega"
| #define PACKAGE_VERSION "1.1.0"
| #define PACKAGE_STRING "Clustal Omega 1.1.0"
| #define PACKAGE_BUGREPORT "clustalw@ucd.ie"
| #define PACKAGE_URL ""
| #define PACKAGE "clustal-omega"
| #define VERSION "1.1.0"
| #define STDC_HEADERS 1
| #define HAVE_SYS_TYPES_H 1
| #define HAVE_SYS_STAT_H 1
| #define HAVE_STDLIB_H 1
| #define HAVE_STRING_H 1
| #define HAVE_MEMORY_H 1
| #define HAVE_STRINGS_H 1
| #define HAVE_INTTYPES_H 1
| #define HAVE_STDINT_H 1
| #define HAVE_UNISTD_H 1
| #define __EXTENSIONS__ 1
| #define _ALL_SOURCE 1
| #define _GNU_SOURCE 1
| #define _POSIX_PTHREAD_SEMANTICS 1
| #define _TANDEM_SOURCE 1
| #define HAVE_DLFCN_H 1
| #define LT_OBJDIR ".libs/"
| #define CLUSTALO 1
| #define PACKAGE_CODENAME "FilumVitae"
| #define LINUX 1
| #define STDC_HEADERS 1
| #define HAVE_ASSERT_H 1
| #define HAVE_CTYPE_H 1
| #define HAVE_FLOAT_H 1
| #define HAVE_LIMITS_H 1
| #define HAVE_MATH_H 1
| #define HAVE_MEMORY_H 1
| #define HAVE_STDARG_H 1
| #define HAVE_STDIO_H 1
| #define HAVE_STDLIB_H 1
| #define HAVE_STRING_H 1
| #define HAVE_TIME_H 1
| #define HAVE_UNISTD_H 1
| #define HAVE_LIBM 1
| #define HAVE_LOG2 1
| #define HAVE_ARGTABLE2_H 1
| #define HAVE_LIBARGTABLE2 1
| #define HAVE_OPENMP 1
| #define HAVE_NTOHS 1
| #define HAVE_NTOHL 1
| /* end confdefs.h.  */
| #include <stdio.h>
| #ifdef HAVE_SYS_TYPES_H
| # include <sys/types.h>
| #endif
| #ifdef HAVE_SYS_STAT_H
| # include <sys/stat.h>
| #endif
| #ifdef STDC_HEADERS
| # include <stdlib.h>
| # include <stddef.h>
| #else
| # ifdef HAVE_STDLIB_H
| #  include <stdlib.h>
| # endif
| #endif
| #ifdef HAVE_STRING_H
| # if !defined STDC_HEADERS && defined HAVE_MEMORY_H
| #  include <memory.h>
| # endif
| # include <string.h>
| #endif
| #ifdef HAVE_STRINGS_H
| # include <strings.h>
| #endif
| #ifdef HAVE_INTTYPES_H
| # include <inttypes.h>
| #endif
| #ifdef HAVE_STDINT_H
| # include <stdint.h>
| #endif
| #ifdef HAVE_UNISTD_H
| # include <unistd.h>
| #endif
| static long int longval () { return (long int) (sizeof (unsigned short)); }
| static unsigned long int ulongval () { return (long int) (sizeof (unsigned short)); }
| #include <stdio.h>
| #include <stdlib.h>
| int
| main ()
| {
| 
|   FILE *f = fopen ("conftest.val", "w");
|   if (! f)
|     return 1;
|   if (((long int) (sizeof (unsigned short))) < 0)
|     {
|       long int i = longval ();
|       if (i != ((long int) (sizeof (unsigned short))))
| 	return 1;
|       fprintf (f, "%ld", i);
|     }
|   else
|     {
|       unsigned long int i = ulongval ();
|       if (i != ((long int) (sizeof (unsigned short))))
| 	return 1;
|       fprintf (f, "%lu", i);
|     }
|   /* Do not output a trailing newline, as this causes \r\n confusion
|      on some platforms.  */
|   return ferror (f) || fclose (f) != 0;
| 
|   ;
|   return 0;
| }
configure:16803: result: 0
configure:16817: checking size of unsigned int
configure:16822: gcc -o conftest -g -O2 -I/home/simon/Dropbox/phyexe/phyexe/src/build/include -L/home/simon/Dropbox/phyexe/phyexe/src/build/lib conftest.c -largtable2 -lm  >&5
configure:16822: $? = 0
configure:16822: ./conftest
./conftest: error while loading shared libraries: libargtable2.so.0: cannot open shared object file: No such file or directory
configure:16822: $? = 127
configure: program exited with status 127
configure: failed program was:
| /* confdefs.h */
| #define PACKAGE_NAME "Clustal Omega"
| #define PACKAGE_TARNAME "clustal-omega"
| #define PACKAGE_VERSION "1.1.0"
| #define PACKAGE_STRING "Clustal Omega 1.1.0"
| #define PACKAGE_BUGREPORT "clustalw@ucd.ie"
| #define PACKAGE_URL ""
| #define PACKAGE "clustal-omega"
| #define VERSION "1.1.0"
| #define STDC_HEADERS 1
| #define HAVE_SYS_TYPES_H 1
| #define HAVE_SYS_STAT_H 1
| #define HAVE_STDLIB_H 1
| #define HAVE_STRING_H 1
| #define HAVE_MEMORY_H 1
| #define HAVE_STRINGS_H 1
| #define HAVE_INTTYPES_H 1
| #define HAVE_STDINT_H 1
| #define HAVE_UNISTD_H 1
| #define __EXTENSIONS__ 1
| #define _ALL_SOURCE 1
| #define _GNU_SOURCE 1
| #define _POSIX_PTHREAD_SEMANTICS 1
| #define _TANDEM_SOURCE 1
| #define HAVE_DLFCN_H 1
| #define LT_OBJDIR ".libs/"
| #define CLUSTALO 1
| #define PACKAGE_CODENAME "FilumVitae"
| #define LINUX 1
| #define STDC_HEADERS 1
| #define HAVE_ASSERT_H 1
| #define HAVE_CTYPE_H 1
| #define HAVE_FLOAT_H 1
| #define HAVE_LIMITS_H 1
| #define HAVE_MATH_H 1
| #define HAVE_MEMORY_H 1
| #define HAVE_STDARG_H 1
| #define HAVE_STDIO_H 1
| #define HAVE_STDLIB_H 1
| #define HAVE_STRING_H 1
| #define HAVE_TIME_H 1
| #define HAVE_UNISTD_H 1
| #define HAVE_LIBM 1
| #define HAVE_LOG2 1
| #define HAVE_ARGTABLE2_H 1
| #define HAVE_LIBARGTABLE2 1
| #define HAVE_OPENMP 1
| #define HAVE_NTOHS 1
| #define HAVE_NTOHL 1
| #define SIZEOF_UNSIGNED_SHORT 0
| /* end confdefs.h.  */
| #include <stdio.h>
| #ifdef HAVE_SYS_TYPES_H
| # include <sys/types.h>
| #endif
| #ifdef HAVE_SYS_STAT_H
| # include <sys/stat.h>
| #endif
| #ifdef STDC_HEADERS
| # include <stdlib.h>
| # include <stddef.h>
| #else
| # ifdef HAVE_STDLIB_H
| #  include <stdlib.h>
| # endif
| #endif
| #ifdef HAVE_STRING_H
| # if !defined STDC_HEADERS && defined HAVE_MEMORY_H
| #  include <memory.h>
| # endif
| # include <string.h>
| #endif
| #ifdef HAVE_STRINGS_H
| # include <strings.h>
| #endif
| #ifdef HAVE_INTTYPES_H
| # include <inttypes.h>
| #endif
| #ifdef HAVE_STDINT_H
| # include <stdint.h>
| #endif
| #ifdef HAVE_UNISTD_H
| # include <unistd.h>
| #endif
| static long int longval () { return (long int) (sizeof (unsigned int)); }
| static unsigned long int ulongval () { return (long int) (sizeof (unsigned int)); }
| #include <stdio.h>
| #include <stdlib.h>
| int
| main ()
| {
| 
|   FILE *f = fopen ("conftest.val", "w");
|   if (! f)
|     return 1;
|   if (((long int) (sizeof (unsigned int))) < 0)
|     {
|       long int i = longval ();
|       if (i != ((long int) (sizeof (unsigned int))))
| 	return 1;
|       fprintf (f, "%ld", i);
|     }
|   else
|     {
|       unsigned long int i = ulongval ();
|       if (i != ((long int) (sizeof (unsigned int))))
| 	return 1;
|       fprintf (f, "%lu", i);
|     }
|   /* Do not output a trailing newline, as this causes \r\n confusion
|      on some platforms.  */
|   return ferror (f) || fclose (f) != 0;
| 
|   ;
|   return 0;
| }
configure:16837: result: 0
configure:16851: checking size of unsigned long
configure:16856: gcc -o conftest -g -O2 -I/home/simon/Dropbox/phyexe/phyexe/src/build/include -L/home/simon/Dropbox/phyexe/phyexe/src/build/lib conftest.c -largtable2 -lm  >&5
configure:16856: $? = 0
configure:16856: ./conftest
./conftest: error while loading shared libraries: libargtable2.so.0: cannot open shared object file: No such file or directory
configure:16856: $? = 127
configure: program exited with status 127
configure: failed program was:
| /* confdefs.h */
| #define PACKAGE_NAME "Clustal Omega"
| #define PACKAGE_TARNAME "clustal-omega"
| #define PACKAGE_VERSION "1.1.0"
| #define PACKAGE_STRING "Clustal Omega 1.1.0"
| #define PACKAGE_BUGREPORT "clustalw@ucd.ie"
| #define PACKAGE_URL ""
| #define PACKAGE "clustal-omega"
| #define VERSION "1.1.0"
| #define STDC_HEADERS 1
| #define HAVE_SYS_TYPES_H 1
| #define HAVE_SYS_STAT_H 1
| #define HAVE_STDLIB_H 1
| #define HAVE_STRING_H 1
| #define HAVE_MEMORY_H 1
| #define HAVE_STRINGS_H 1
| #define HAVE_INTTYPES_H 1
| #define HAVE_STDINT_H 1
| #define HAVE_UNISTD_H 1
| #define __EXTENSIONS__ 1
| #define _ALL_SOURCE 1
| #define _GNU_SOURCE 1
| #define _POSIX_PTHREAD_SEMANTICS 1
| #define _TANDEM_SOURCE 1
| #define HAVE_DLFCN_H 1
| #define LT_OBJDIR ".libs/"
| #define CLUSTALO 1
| #define PACKAGE_CODENAME "FilumVitae"
| #define LINUX 1
| #define STDC_HEADERS 1
| #define HAVE_ASSERT_H 1
| #define HAVE_CTYPE_H 1
| #define HAVE_FLOAT_H 1
| #define HAVE_LIMITS_H 1
| #define HAVE_MATH_H 1
| #define HAVE_MEMORY_H 1
| #define HAVE_STDARG_H 1
| #define HAVE_STDIO_H 1
| #define HAVE_STDLIB_H 1
| #define HAVE_STRING_H 1
| #define HAVE_TIME_H 1
| #define HAVE_UNISTD_H 1
| #define HAVE_LIBM 1
| #define HAVE_LOG2 1
| #define HAVE_ARGTABLE2_H 1
| #define HAVE_LIBARGTABLE2 1
| #define HAVE_OPENMP 1
| #define HAVE_NTOHS 1
| #define HAVE_NTOHL 1
| #define SIZEOF_UNSIGNED_SHORT 0
| #define SIZEOF_UNSIGNED_INT 0
| /* end confdefs.h.  */
| #include <stdio.h>
| #ifdef HAVE_SYS_TYPES_H
| # include <sys/types.h>
| #endif
| #ifdef HAVE_SYS_STAT_H
| # include <sys/stat.h>
| #endif
| #ifdef STDC_HEADERS
| # include <stdlib.h>
| # include <stddef.h>
| #else
| # ifdef HAVE_STDLIB_H
| #  include <stdlib.h>
| # endif
| #endif
| #ifdef HAVE_STRING_H
| # if !defined STDC_HEADERS && defined HAVE_MEMORY_H
| #  include <memory.h>
| # endif
| # include <string.h>
| #endif
| #ifdef HAVE_STRINGS_H
| # include <strings.h>
| #endif
| #ifdef HAVE_INTTYPES_H
| # include <inttypes.h>
| #endif
| #ifdef HAVE_STDINT_H
| # include <stdint.h>
| #endif
| #ifdef HAVE_UNISTD_H
| # include <unistd.h>
| #endif
| static long int longval () { return (long int) (sizeof (unsigned long)); }
| static unsigned long int ulongval () { return (long int) (sizeof (unsigned long)); }
| #include <stdio.h>
| #include <stdlib.h>
| int
| main ()
| {
| 
|   FILE *f = fopen ("conftest.val", "w");
|   if (! f)
|     return 1;
|   if (((long int) (sizeof (unsigned long))) < 0)
|     {
|       long int i = longval ();
|       if (i != ((long int) (sizeof (unsigned long))))
| 	return 1;
|       fprintf (f, "%ld", i);
|     }
|   else
|     {
|       unsigned long int i = ulongval ();
|       if (i != ((long int) (sizeof (unsigned long))))
| 	return 1;
|       fprintf (f, "%lu", i);
|     }
|   /* Do not output a trailing newline, as this causes \r\n confusion
|      on some platforms.  */
|   return ferror (f) || fclose (f) != 0;
| 
|   ;
|   return 0;
| }
configure:16871: result: 0
configure:16885: checking size of unsigned long long
configure:16890: gcc -o conftest -g -O2 -I/home/simon/Dropbox/phyexe/phyexe/src/build/include -L/home/simon/Dropbox/phyexe/phyexe/src/build/lib conftest.c -largtable2 -lm  >&5
configure:16890: $? = 0
configure:16890: ./conftest
./conftest: error while loading shared libraries: libargtable2.so.0: cannot open shared object file: No such file or directory
configure:16890: $? = 127
configure: program exited with status 127
configure: failed program was:
| /* confdefs.h */
| #define PACKAGE_NAME "Clustal Omega"
| #define PACKAGE_TARNAME "clustal-omega"
| #define PACKAGE_VERSION "1.1.0"
| #define PACKAGE_STRING "Clustal Omega 1.1.0"
| #define PACKAGE_BUGREPORT "clustalw@ucd.ie"
| #define PACKAGE_URL ""
| #define PACKAGE "clustal-omega"
| #define VERSION "1.1.0"
| #define STDC_HEADERS 1
| #define HAVE_SYS_TYPES_H 1
| #define HAVE_SYS_STAT_H 1
| #define HAVE_STDLIB_H 1
| #define HAVE_STRING_H 1
| #define HAVE_MEMORY_H 1
| #define HAVE_STRINGS_H 1
| #define HAVE_INTTYPES_H 1
| #define HAVE_STDINT_H 1
| #define HAVE_UNISTD_H 1
| #define __EXTENSIONS__ 1
| #define _ALL_SOURCE 1
| #define _GNU_SOURCE 1
| #define _POSIX_PTHREAD_SEMANTICS 1
| #define _TANDEM_SOURCE 1
| #define HAVE_DLFCN_H 1
| #define LT_OBJDIR ".libs/"
| #define CLUSTALO 1
| #define PACKAGE_CODENAME "FilumVitae"
| #define LINUX 1
| #define STDC_HEADERS 1
| #define HAVE_ASSERT_H 1
| #define HAVE_CTYPE_H 1
| #define HAVE_FLOAT_H 1
| #define HAVE_LIMITS_H 1
| #define HAVE_MATH_H 1
| #define HAVE_MEMORY_H 1
| #define HAVE_STDARG_H 1
| #define HAVE_STDIO_H 1
| #define HAVE_STDLIB_H 1
| #define HAVE_STRING_H 1
| #define HAVE_TIME_H 1
| #define HAVE_UNISTD_H 1
| #define HAVE_LIBM 1
| #define HAVE_LOG2 1
| #define HAVE_ARGTABLE2_H 1
| #define HAVE_LIBARGTABLE2 1
| #define HAVE_OPENMP 1
| #define HAVE_NTOHS 1
| #define HAVE_NTOHL 1
| #define SIZEOF_UNSIGNED_SHORT 0
| #define SIZEOF_UNSIGNED_INT 0
| #define SIZEOF_UNSIGNED_LONG 0
| /* end confdefs.h.  */
| #include <stdio.h>
| #ifdef HAVE_SYS_TYPES_H
| # include <sys/types.h>
| #endif
| #ifdef HAVE_SYS_STAT_H
| # include <sys/stat.h>
| #endif
| #ifdef STDC_HEADERS
| # include <stdlib.h>
| # include <stddef.h>
| #else
| # ifdef HAVE_STDLIB_H
| #  include <stdlib.h>
| # endif
| #endif
| #ifdef HAVE_STRING_H
| # if !defined STDC_HEADERS && defined HAVE_MEMORY_H
| #  include <memory.h>
| # endif
| # include <string.h>
| #endif
| #ifdef HAVE_STRINGS_H
| # include <strings.h>
| #endif
| #ifdef HAVE_INTTYPES_H
| # include <inttypes.h>
| #endif
| #ifdef HAVE_STDINT_H
| # include <stdint.h>
| #endif
| #ifdef HAVE_UNISTD_H
| # include <unistd.h>
| #endif
| static long int longval () { return (long int) (sizeof (unsigned long long)); }
| static unsigned long int ulongval () { return (long int) (sizeof (unsigned long long)); }
| #include <stdio.h>
| #include <stdlib.h>
| int
| main ()
| {
| 
|   FILE *f = fopen ("conftest.val", "w");
|   if (! f)
|     return 1;
|   if (((long int) (sizeof (unsigned long long))) < 0)
|     {
|       long int i = longval ();
|       if (i != ((long int) (sizeof (unsigned long long))))
| 	return 1;
|       fprintf (f, "%ld", i);
|     }
|   else
|     {
|       unsigned long int i = ulongval ();
|       if (i != ((long int) (sizeof (unsigned long long))))
| 	return 1;
|       fprintf (f, "%lu", i);
|     }
|   /* Do not output a trailing newline, as this causes \r\n confusion
|      on some platforms.  */
|   return ferror (f) || fclose (f) != 0;
| 
|   ;
|   return 0;
| }
configure:16905: result: 0
configure:16919: checking for stroul
configure:16919: gcc -o conftest -g -O2 -I/home/simon/Dropbox/phyexe/phyexe/src/build/include -L/home/simon/Dropbox/phyexe/phyexe/src/build/lib conftest.c -largtable2 -lm  >&5
/tmp/cc2cddyJ.o: In function `main':
/home/simon/Dropbox/phyexe/phyexe/src/clustalo/conftest.c:89: undefined reference to `stroul'
collect2: ld returned 1 exit status
configure:16919: $? = 1
configure: failed program was:
| /* confdefs.h */
| #define PACKAGE_NAME "Clustal Omega"
| #define PACKAGE_TARNAME "clustal-omega"
| #define PACKAGE_VERSION "1.1.0"
| #define PACKAGE_STRING "Clustal Omega 1.1.0"
| #define PACKAGE_BUGREPORT "clustalw@ucd.ie"
| #define PACKAGE_URL ""
| #define PACKAGE "clustal-omega"
| #define VERSION "1.1.0"
| #define STDC_HEADERS 1
| #define HAVE_SYS_TYPES_H 1
| #define HAVE_SYS_STAT_H 1
| #define HAVE_STDLIB_H 1
| #define HAVE_STRING_H 1
| #define HAVE_MEMORY_H 1
| #define HAVE_STRINGS_H 1
| #define HAVE_INTTYPES_H 1
| #define HAVE_STDINT_H 1
| #define HAVE_UNISTD_H 1
| #define __EXTENSIONS__ 1
| #define _ALL_SOURCE 1
| #define _GNU_SOURCE 1
| #define _POSIX_PTHREAD_SEMANTICS 1
| #define _TANDEM_SOURCE 1
| #define HAVE_DLFCN_H 1
| #define LT_OBJDIR ".libs/"
| #define CLUSTALO 1
| #define PACKAGE_CODENAME "FilumVitae"
| #define LINUX 1
| #define STDC_HEADERS 1
| #define HAVE_ASSERT_H 1
| #define HAVE_CTYPE_H 1
| #define HAVE_FLOAT_H 1
| #define HAVE_LIMITS_H 1
| #define HAVE_MATH_H 1
| #define HAVE_MEMORY_H 1
| #define HAVE_STDARG_H 1
| #define HAVE_STDIO_H 1
| #define HAVE_STDLIB_H 1
| #define HAVE_STRING_H 1
| #define HAVE_TIME_H 1
| #define HAVE_UNISTD_H 1
| #define HAVE_LIBM 1
| #define HAVE_LOG2 1
| #define HAVE_ARGTABLE2_H 1
| #define HAVE_LIBARGTABLE2 1
| #define HAVE_OPENMP 1
| #define HAVE_NTOHS 1
| #define HAVE_NTOHL 1
| #define SIZEOF_UNSIGNED_SHORT 0
| #define SIZEOF_UNSIGNED_INT 0
| #define SIZEOF_UNSIGNED_LONG 0
| #define SIZEOF_UNSIGNED_LONG_LONG 0
| /* end confdefs.h.  */
| /* Define stroul to an innocuous variant, in case <limits.h> declares stroul.
|    For example, HP-UX 11i <limits.h> declares gettimeofday.  */
| #define stroul innocuous_stroul
| 
| /* System header to define __stub macros and hopefully few prototypes,
|     which can conflict with char stroul (); below.
|     Prefer <limits.h> to <assert.h> if __STDC__ is defined, since
|     <limits.h> exists even on freestanding compilers.  */
| 
| #ifdef __STDC__
| # include <limits.h>
| #else
| # include <assert.h>
| #endif
| 
| #undef stroul
| 
| /* Override any GCC internal prototype to avoid an error.
|    Use char because int might match the return type of a GCC
|    builtin and then its argument prototype would still apply.  */
| #ifdef __cplusplus
| extern "C"
| #endif
| char stroul ();
| /* The GNU C library defines this for functions which it implements
|     to always fail with ENOSYS.  Some functions are actually named
|     something starting with __ and the normal name is an alias.  */
| #if defined __stub_stroul || defined __stub___stroul
| choke me
| #endif
| 
| int
| main ()
| {
| return stroul ();
|   ;
|   return 0;
| }
configure:16919: result: no
configure:16919: checking for strtoull
configure:16919: gcc -o conftest -g -O2 -I/home/simon/Dropbox/phyexe/phyexe/src/build/include -L/home/simon/Dropbox/phyexe/phyexe/src/build/lib conftest.c -largtable2 -lm  >&5
configure:16919: $? = 0
configure:16919: result: yes
configure:16932: checking for ftello
configure:16932: gcc -o conftest -g -O2 -I/home/simon/Dropbox/phyexe/phyexe/src/build/include -L/home/simon/Dropbox/phyexe/phyexe/src/build/lib conftest.c -largtable2 -lm  >&5
configure:16932: $? = 0
configure:16932: result: yes
configure:16932: checking for fseeko
configure:16932: gcc -o conftest -g -O2 -I/home/simon/Dropbox/phyexe/phyexe/src/build/include -L/home/simon/Dropbox/phyexe/phyexe/src/build/lib conftest.c -largtable2 -lm  >&5
configure:16932: $? = 0
configure:16932: result: yes
configure:16945: checking for ftello64
configure:16945: gcc -o conftest -g -O2 -I/home/simon/Dropbox/phyexe/phyexe/src/build/include -L/home/simon/Dropbox/phyexe/phyexe/src/build/lib conftest.c -largtable2 -lm  >&5
configure:16945: $? = 0
configure:16945: result: yes
configure:16945: checking for fseeko64
configure:16945: gcc -o conftest -g -O2 -I/home/simon/Dropbox/phyexe/phyexe/src/build/include -L/home/simon/Dropbox/phyexe/phyexe/src/build/lib conftest.c -largtable2 -lm  >&5
configure:16945: $? = 0
configure:16945: result: yes
configure:16958: checking for ftell64
configure:16958: gcc -o conftest -g -O2 -I/home/simon/Dropbox/phyexe/phyexe/src/build/include -L/home/simon/Dropbox/phyexe/phyexe/src/build/lib conftest.c -largtable2 -lm  >&5
/tmp/ccGRHsNf.o: In function `main':
/home/simon/Dropbox/phyexe/phyexe/src/clustalo/conftest.c:94: undefined reference to `ftell64'
collect2: ld returned 1 exit status
configure:16958: $? = 1
configure: failed program was:
| /* confdefs.h */
| #define PACKAGE_NAME "Clustal Omega"
| #define PACKAGE_TARNAME "clustal-omega"
| #define PACKAGE_VERSION "1.1.0"
| #define PACKAGE_STRING "Clustal Omega 1.1.0"
| #define PACKAGE_BUGREPORT "clustalw@ucd.ie"
| #define PACKAGE_URL ""
| #define PACKAGE "clustal-omega"
| #define VERSION "1.1.0"
| #define STDC_HEADERS 1
| #define HAVE_SYS_TYPES_H 1
| #define HAVE_SYS_STAT_H 1
| #define HAVE_STDLIB_H 1
| #define HAVE_STRING_H 1
| #define HAVE_MEMORY_H 1
| #define HAVE_STRINGS_H 1
| #define HAVE_INTTYPES_H 1
| #define HAVE_STDINT_H 1
| #define HAVE_UNISTD_H 1
| #define __EXTENSIONS__ 1
| #define _ALL_SOURCE 1
| #define _GNU_SOURCE 1
| #define _POSIX_PTHREAD_SEMANTICS 1
| #define _TANDEM_SOURCE 1
| #define HAVE_DLFCN_H 1
| #define LT_OBJDIR ".libs/"
| #define CLUSTALO 1
| #define PACKAGE_CODENAME "FilumVitae"
| #define LINUX 1
| #define STDC_HEADERS 1
| #define HAVE_ASSERT_H 1
| #define HAVE_CTYPE_H 1
| #define HAVE_FLOAT_H 1
| #define HAVE_LIMITS_H 1
| #define HAVE_MATH_H 1
| #define HAVE_MEMORY_H 1
| #define HAVE_STDARG_H 1
| #define HAVE_STDIO_H 1
| #define HAVE_STDLIB_H 1
| #define HAVE_STRING_H 1
| #define HAVE_TIME_H 1
| #define HAVE_UNISTD_H 1
| #define HAVE_LIBM 1
| #define HAVE_LOG2 1
| #define HAVE_ARGTABLE2_H 1
| #define HAVE_LIBARGTABLE2 1
| #define HAVE_OPENMP 1
| #define HAVE_NTOHS 1
| #define HAVE_NTOHL 1
| #define SIZEOF_UNSIGNED_SHORT 0
| #define SIZEOF_UNSIGNED_INT 0
| #define SIZEOF_UNSIGNED_LONG 0
| #define SIZEOF_UNSIGNED_LONG_LONG 0
| #define HAVE_STRTOULL 1
| #define HAVE_FTELLO 1
| #define HAVE_FSEEKO 1
| #define HAVE_FTELLO64 1
| #define HAVE_FSEEKO64 1
| /* end confdefs.h.  */
| /* Define ftell64 to an innocuous variant, in case <limits.h> declares ftell64.
|    For example, HP-UX 11i <limits.h> declares gettimeofday.  */
| #define ftell64 innocuous_ftell64
| 
| /* System header to define __stub macros and hopefully few prototypes,
|     which can conflict with char ftell64 (); below.
|     Prefer <limits.h> to <assert.h> if __STDC__ is defined, since
|     <limits.h> exists even on freestanding compilers.  */
| 
| #ifdef __STDC__
| # include <limits.h>
| #else
| # include <assert.h>
| #endif
| 
| #undef ftell64
| 
| /* Override any GCC internal prototype to avoid an error.
|    Use char because int might match the return type of a GCC
|    builtin and then its argument prototype would still apply.  */
| #ifdef __cplusplus
| extern "C"
| #endif
| char ftell64 ();
| /* The GNU C library defines this for functions which it implements
|     to always fail with ENOSYS.  Some functions are actually named
|     something starting with __ and the normal name is an alias.  */
| #if defined __stub_ftell64 || defined __stub___ftell64
| choke me
| #endif
| 
| int
| main ()
| {
| return ftell64 ();
|   ;
|   return 0;
| }
configure:16958: result: no
configure:16958: checking for fseek64
configure:16958: gcc -o conftest -g -O2 -I/home/simon/Dropbox/phyexe/phyexe/src/build/include -L/home/simon/Dropbox/phyexe/phyexe/src/build/lib conftest.c -largtable2 -lm  >&5
/tmp/ccoDfEW8.o: In function `main':
/home/simon/Dropbox/phyexe/phyexe/src/clustalo/conftest.c:94: undefined reference to `fseek64'
collect2: ld returned 1 exit status
configure:16958: $? = 1
configure: failed program was:
| /* confdefs.h */
| #define PACKAGE_NAME "Clustal Omega"
| #define PACKAGE_TARNAME "clustal-omega"
| #define PACKAGE_VERSION "1.1.0"
| #define PACKAGE_STRING "Clustal Omega 1.1.0"
| #define PACKAGE_BUGREPORT "clustalw@ucd.ie"
| #define PACKAGE_URL ""
| #define PACKAGE "clustal-omega"
| #define VERSION "1.1.0"
| #define STDC_HEADERS 1
| #define HAVE_SYS_TYPES_H 1
| #define HAVE_SYS_STAT_H 1
| #define HAVE_STDLIB_H 1
| #define HAVE_STRING_H 1
| #define HAVE_MEMORY_H 1
| #define HAVE_STRINGS_H 1
| #define HAVE_INTTYPES_H 1
| #define HAVE_STDINT_H 1
| #define HAVE_UNISTD_H 1
| #define __EXTENSIONS__ 1
| #define _ALL_SOURCE 1
| #define _GNU_SOURCE 1
| #define _POSIX_PTHREAD_SEMANTICS 1
| #define _TANDEM_SOURCE 1
| #define HAVE_DLFCN_H 1
| #define LT_OBJDIR ".libs/"
| #define CLUSTALO 1
| #define PACKAGE_CODENAME "FilumVitae"
| #define LINUX 1
| #define STDC_HEADERS 1
| #define HAVE_ASSERT_H 1
| #define HAVE_CTYPE_H 1
| #define HAVE_FLOAT_H 1
| #define HAVE_LIMITS_H 1
| #define HAVE_MATH_H 1
| #define HAVE_MEMORY_H 1
| #define HAVE_STDARG_H 1
| #define HAVE_STDIO_H 1
| #define HAVE_STDLIB_H 1
| #define HAVE_STRING_H 1
| #define HAVE_TIME_H 1
| #define HAVE_UNISTD_H 1
| #define HAVE_LIBM 1
| #define HAVE_LOG2 1
| #define HAVE_ARGTABLE2_H 1
| #define HAVE_LIBARGTABLE2 1
| #define HAVE_OPENMP 1
| #define HAVE_NTOHS 1
| #define HAVE_NTOHL 1
| #define SIZEOF_UNSIGNED_SHORT 0
| #define SIZEOF_UNSIGNED_INT 0
| #define SIZEOF_UNSIGNED_LONG 0
| #define SIZEOF_UNSIGNED_LONG_LONG 0
| #define HAVE_STRTOULL 1
| #define HAVE_FTELLO 1
| #define HAVE_FSEEKO 1
| #define HAVE_FTELLO64 1
| #define HAVE_FSEEKO64 1
| /* end confdefs.h.  */
| /* Define fseek64 to an innocuous variant, in case <limits.h> declares fseek64.
|    For example, HP-UX 11i <limits.h> declares gettimeofday.  */
| #define fseek64 innocuous_fseek64
| 
| /* System header to define __stub macros and hopefully few prototypes,
|     which can conflict with char fseek64 (); below.
|     Prefer <limits.h> to <assert.h> if __STDC__ is defined, since
|     <limits.h> exists even on freestanding compilers.  */
| 
| #ifdef __STDC__
| # include <limits.h>
| #else
| # include <assert.h>
| #endif
| 
| #undef fseek64
| 
| /* Override any GCC internal prototype to avoid an error.
|    Use char because int might match the return type of a GCC
|    builtin and then its argument prototype would still apply.  */
| #ifdef __cplusplus
| extern "C"
| #endif
| char fseek64 ();
| /* The GNU C library defines this for functions which it implements
|     to always fail with ENOSYS.  Some functions are actually named
|     something starting with __ and the normal name is an alias.  */
| #if defined __stub_fseek64 || defined __stub___fseek64
| choke me
| #endif
| 
| int
| main ()
| {
| return fseek64 ();
|   ;
|   return 0;
| }
configure:16958: result: no
configure:16969: checking for off_t
configure:16969: gcc -c -g -O2 -I/home/simon/Dropbox/phyexe/phyexe/src/build/include conftest.c >&5
configure:16969: $? = 0
configure:16969: gcc -c -g -O2 -I/home/simon/Dropbox/phyexe/phyexe/src/build/include conftest.c >&5
conftest.c: In function 'main':
conftest.c:96:20: error: expected expression before ')' token
configure:16969: $? = 1
configure: failed program was:
| /* confdefs.h */
| #define PACKAGE_NAME "Clustal Omega"
| #define PACKAGE_TARNAME "clustal-omega"
| #define PACKAGE_VERSION "1.1.0"
| #define PACKAGE_STRING "Clustal Omega 1.1.0"
| #define PACKAGE_BUGREPORT "clustalw@ucd.ie"
| #define PACKAGE_URL ""
| #define PACKAGE "clustal-omega"
| #define VERSION "1.1.0"
| #define STDC_HEADERS 1
| #define HAVE_SYS_TYPES_H 1
| #define HAVE_SYS_STAT_H 1
| #define HAVE_STDLIB_H 1
| #define HAVE_STRING_H 1
| #define HAVE_MEMORY_H 1
| #define HAVE_STRINGS_H 1
| #define HAVE_INTTYPES_H 1
| #define HAVE_STDINT_H 1
| #define HAVE_UNISTD_H 1
| #define __EXTENSIONS__ 1
| #define _ALL_SOURCE 1
| #define _GNU_SOURCE 1
| #define _POSIX_PTHREAD_SEMANTICS 1
| #define _TANDEM_SOURCE 1
| #define HAVE_DLFCN_H 1
| #define LT_OBJDIR ".libs/"
| #define CLUSTALO 1
| #define PACKAGE_CODENAME "FilumVitae"
| #define LINUX 1
| #define STDC_HEADERS 1
| #define HAVE_ASSERT_H 1
| #define HAVE_CTYPE_H 1
| #define HAVE_FLOAT_H 1
| #define HAVE_LIMITS_H 1
| #define HAVE_MATH_H 1
| #define HAVE_MEMORY_H 1
| #define HAVE_STDARG_H 1
| #define HAVE_STDIO_H 1
| #define HAVE_STDLIB_H 1
| #define HAVE_STRING_H 1
| #define HAVE_TIME_H 1
| #define HAVE_UNISTD_H 1
| #define HAVE_LIBM 1
| #define HAVE_LOG2 1
| #define HAVE_ARGTABLE2_H 1
| #define HAVE_LIBARGTABLE2 1
| #define HAVE_OPENMP 1
| #define HAVE_NTOHS 1
| #define HAVE_NTOHL 1
| #define SIZEOF_UNSIGNED_SHORT 0
| #define SIZEOF_UNSIGNED_INT 0
| #define SIZEOF_UNSIGNED_LONG 0
| #define SIZEOF_UNSIGNED_LONG_LONG 0
| #define HAVE_STRTOULL 1
| #define HAVE_FTELLO 1
| #define HAVE_FSEEKO 1
| #define HAVE_FTELLO64 1
| #define HAVE_FSEEKO64 1
| /* end confdefs.h.  */
| #include <stdio.h>
| #ifdef HAVE_SYS_TYPES_H
| # include <sys/types.h>
| #endif
| #ifdef HAVE_SYS_STAT_H
| # include <sys/stat.h>
| #endif
| #ifdef STDC_HEADERS
| # include <stdlib.h>
| # include <stddef.h>
| #else
| # ifdef HAVE_STDLIB_H
| #  include <stdlib.h>
| # endif
| #endif
| #ifdef HAVE_STRING_H
| # if !defined STDC_HEADERS && defined HAVE_MEMORY_H
| #  include <memory.h>
| # endif
| # include <string.h>
| #endif
| #ifdef HAVE_STRINGS_H
| # include <strings.h>
| #endif
| #ifdef HAVE_INTTYPES_H
| # include <inttypes.h>
| #endif
| #ifdef HAVE_STDINT_H
| # include <stdint.h>
| #endif
| #ifdef HAVE_UNISTD_H
| # include <unistd.h>
| #endif
| int
| main ()
| {
| if (sizeof ((off_t)))
| 	    return 0;
|   ;
|   return 0;
| }
configure:16969: result: yes
configure:16984: checking size of fpos_t
configure:16989: gcc -o conftest -g -O2 -I/home/simon/Dropbox/phyexe/phyexe/src/build/include -L/home/simon/Dropbox/phyexe/phyexe/src/build/lib conftest.c -largtable2 -lm  >&5
configure:16989: $? = 0
configure:16989: ./conftest
./conftest: error while loading shared libraries: libargtable2.so.0: cannot open shared object file: No such file or directory
configure:16989: $? = 127
configure: program exited with status 127
configure: failed program was:
| /* confdefs.h */
| #define PACKAGE_NAME "Clustal Omega"
| #define PACKAGE_TARNAME "clustal-omega"
| #define PACKAGE_VERSION "1.1.0"
| #define PACKAGE_STRING "Clustal Omega 1.1.0"
| #define PACKAGE_BUGREPORT "clustalw@ucd.ie"
| #define PACKAGE_URL ""
| #define PACKAGE "clustal-omega"
| #define VERSION "1.1.0"
| #define STDC_HEADERS 1
| #define HAVE_SYS_TYPES_H 1
| #define HAVE_SYS_STAT_H 1
| #define HAVE_STDLIB_H 1
| #define HAVE_STRING_H 1
| #define HAVE_MEMORY_H 1
| #define HAVE_STRINGS_H 1
| #define HAVE_INTTYPES_H 1
| #define HAVE_STDINT_H 1
| #define HAVE_UNISTD_H 1
| #define __EXTENSIONS__ 1
| #define _ALL_SOURCE 1
| #define _GNU_SOURCE 1
| #define _POSIX_PTHREAD_SEMANTICS 1
| #define _TANDEM_SOURCE 1
| #define HAVE_DLFCN_H 1
| #define LT_OBJDIR ".libs/"
| #define CLUSTALO 1
| #define PACKAGE_CODENAME "FilumVitae"
| #define LINUX 1
| #define STDC_HEADERS 1
| #define HAVE_ASSERT_H 1
| #define HAVE_CTYPE_H 1
| #define HAVE_FLOAT_H 1
| #define HAVE_LIMITS_H 1
| #define HAVE_MATH_H 1
| #define HAVE_MEMORY_H 1
| #define HAVE_STDARG_H 1
| #define HAVE_STDIO_H 1
| #define HAVE_STDLIB_H 1
| #define HAVE_STRING_H 1
| #define HAVE_TIME_H 1
| #define HAVE_UNISTD_H 1
| #define HAVE_LIBM 1
| #define HAVE_LOG2 1
| #define HAVE_ARGTABLE2_H 1
| #define HAVE_LIBARGTABLE2 1
| #define HAVE_OPENMP 1
| #define HAVE_NTOHS 1
| #define HAVE_NTOHL 1
| #define SIZEOF_UNSIGNED_SHORT 0
| #define SIZEOF_UNSIGNED_INT 0
| #define SIZEOF_UNSIGNED_LONG 0
| #define SIZEOF_UNSIGNED_LONG_LONG 0
| #define HAVE_STRTOULL 1
| #define HAVE_FTELLO 1
| #define HAVE_FSEEKO 1
| #define HAVE_FTELLO64 1
| #define HAVE_FSEEKO64 1
| /* end confdefs.h.  */
| #include <stdio.h>
| #ifdef HAVE_SYS_TYPES_H
| # include <sys/types.h>
| #endif
| #ifdef HAVE_SYS_STAT_H
| # include <sys/stat.h>
| #endif
| #ifdef STDC_HEADERS
| # include <stdlib.h>
| # include <stddef.h>
| #else
| # ifdef HAVE_STDLIB_H
| #  include <stdlib.h>
| # endif
| #endif
| #ifdef HAVE_STRING_H
| # if !defined STDC_HEADERS && defined HAVE_MEMORY_H
| #  include <memory.h>
| # endif
| # include <string.h>
| #endif
| #ifdef HAVE_STRINGS_H
| # include <strings.h>
| #endif
| #ifdef HAVE_INTTYPES_H
| # include <inttypes.h>
| #endif
| #ifdef HAVE_STDINT_H
| # include <stdint.h>
| #endif
| #ifdef HAVE_UNISTD_H
| # include <unistd.h>
| #endif
| static long int longval () { return (long int) (sizeof (fpos_t)); }
| static unsigned long int ulongval () { return (long int) (sizeof (fpos_t)); }
| #include <stdio.h>
| #include <stdlib.h>
| int
| main ()
| {
| 
|   FILE *f = fopen ("conftest.val", "w");
|   if (! f)
|     return 1;
|   if (((long int) (sizeof (fpos_t))) < 0)
|     {
|       long int i = longval ();
|       if (i != ((long int) (sizeof (fpos_t))))
| 	return 1;
|       fprintf (f, "%ld", i);
|     }
|   else
|     {
|       unsigned long int i = ulongval ();
|       if (i != ((long int) (sizeof (fpos_t))))
| 	return 1;
|       fprintf (f, "%lu", i);
|     }
|   /* Do not output a trailing newline, as this causes \r\n confusion
|      on some platforms.  */
|   return ferror (f) || fclose (f) != 0;
| 
|   ;
|   return 0;
| }
configure:17004: result: 0
configure:17047: checking if malloc debugging is wanted
configure:17065: result: no
configure:17089: checking whether to build with debug information
configure:17098: result: no
configure:17263: creating ./config.status

## ---------------------- ##
## Running config.status. ##
## ---------------------- ##

This file was extended by Clustal Omega config.status 1.1.0, which was
generated by GNU Autoconf 2.65.  Invocation command line was

  CONFIG_FILES    = 
  CONFIG_HEADERS  = 
  CONFIG_LINKS    = 
  CONFIG_COMMANDS = 
  $ ./config.status 

on sdf22d

config.status:1178: creating Makefile
config.status:1178: creating src/Makefile
config.status:1178: creating clustalo.pc
config.status:1178: creating Doxyfile
config.status:1178: creating src/clustal/Makefile
config.status:1178: creating src/hhalign/Makefile
config.status:1178: creating src/kmpp/Makefile
config.status:1178: creating src/squid/Makefile
config.status:1178: creating src/config.h
config.status:1350: src/config.h is unchanged
config.status:1398: executing src/clustal-omega-config.h commands
config.status:1436: creating src/clustal-omega-config.h - prefix CLUSTAL_OMEGA for src/config.h defines
config.status:1458: src/clustal-omega-config.h is unchanged
config.status:1398: executing depfiles commands
config.status:1398: executing libtool commands

## ---------------- ##
## Cache variables. ##
## ---------------- ##

ac_cv_build=x86_64-unknown-linux-gnu
ac_cv_c_bigendian=no
ac_cv_c_compiler_gnu=yes
ac_cv_c_const=yes
ac_cv_c_inline=inline
ac_cv_cxx_compiler_gnu=yes
ac_cv_env_CCC_set=
ac_cv_env_CCC_value=
ac_cv_env_CC_set=
ac_cv_env_CC_value=
ac_cv_env_CFLAGS_set=
ac_cv_env_CFLAGS_value=
ac_cv_env_CPPFLAGS_set=set
ac_cv_env_CPPFLAGS_value=-I/home/simon/Dropbox/phyexe/phyexe/src/build/include
ac_cv_env_CPP_set=
ac_cv_env_CPP_value=
ac_cv_env_CXXCPP_set=
ac_cv_env_CXXCPP_value=
ac_cv_env_CXXFLAGS_set=
ac_cv_env_CXXFLAGS_value=
ac_cv_env_CXX_set=
ac_cv_env_CXX_value=
ac_cv_env_LDFLAGS_set=set
ac_cv_env_LDFLAGS_value=-L/home/simon/Dropbox/phyexe/phyexe/src/build/lib
ac_cv_env_LIBS_set=
ac_cv_env_LIBS_value=
ac_cv_env_build_alias_set=
ac_cv_env_build_alias_value=
ac_cv_env_host_alias_set=
ac_cv_env_host_alias_value=
ac_cv_env_target_alias_set=
ac_cv_env_target_alias_value=
ac_cv_func_fseek64=no
ac_cv_func_fseeko64=yes
ac_cv_func_fseeko=yes
ac_cv_func_ftell64=no
ac_cv_func_ftello64=yes
ac_cv_func_ftello=yes
ac_cv_func_ntohl=yes
ac_cv_func_ntohs=yes
ac_cv_func_ntonl=no
ac_cv_func_ntons=no
ac_cv_func_stroul=no
ac_cv_func_strtoull=yes
ac_cv_header_argtable2_h=yes
ac_cv_header_assert_h=yes
ac_cv_header_ctype_h=yes
ac_cv_header_dlfcn_h=yes
ac_cv_header_float_h=yes
ac_cv_header_inttypes_h=yes
ac_cv_header_limits_h=yes
ac_cv_header_math_h=yes
ac_cv_header_memory_h=yes
ac_cv_header_minix_config_h=no
ac_cv_header_stdarg_h=yes
ac_cv_header_stdc=yes
ac_cv_header_stdint_h=yes
ac_cv_header_stdio_h=yes
ac_cv_header_stdlib_h=yes
ac_cv_header_string_h=yes
ac_cv_header_strings_h=yes
ac_cv_header_sys_stat_h=yes
ac_cv_header_sys_types_h=yes
ac_cv_header_time_h=yes
ac_cv_header_unistd_h=yes
ac_cv_host=x86_64-unknown-linux-gnu
ac_cv_lib_argtable2_arg_parse=yes
ac_cv_lib_m_log2=yes
ac_cv_lib_m_log=yes
ac_cv_objext=o
ac_cv_path_EGREP='/bin/grep -E'
ac_cv_path_FGREP='/bin/grep -F'
ac_cv_path_GREP=/bin/grep
ac_cv_path_SED=/bin/sed
ac_cv_path_install='/usr/bin/install -c'
ac_cv_path_mkdir=/bin/mkdir
ac_cv_prog_AWK=gawk
ac_cv_prog_CPP='gcc -E'
ac_cv_prog_CXXCPP='g++ -E'
ac_cv_prog_ac_ct_AR=ar
ac_cv_prog_ac_ct_CC=gcc
ac_cv_prog_ac_ct_CXX=g++
ac_cv_prog_ac_ct_OBJDUMP=objdump
ac_cv_prog_ac_ct_RANLIB=ranlib
ac_cv_prog_ac_ct_STRIP=strip
ac_cv_prog_cc_c89=
ac_cv_prog_cc_g=yes
ac_cv_prog_cxx_g=yes
ac_cv_prog_make_make_set=yes
ac_cv_safe_to_define___extensions__=yes
ac_cv_sizeof_fpos_t=0
ac_cv_sizeof_unsigned_int=0
ac_cv_sizeof_unsigned_long=0
ac_cv_sizeof_unsigned_long_long=0
ac_cv_sizeof_unsigned_short=0
ac_cv_type_off_t=yes
ac_cv_type_size_t=yes
am_cv_CC_dependencies_compiler_type=gcc3
am_cv_CXX_dependencies_compiler_type=gcc3
ax_cv_c_openmp=-fopenmp
lt_cv_deplibs_check_method=pass_all
lt_cv_file_magic_cmd='$MAGIC_CMD'
lt_cv_file_magic_test_file=
lt_cv_ld_reload_flag=-r
lt_cv_nm_interface='BSD nm'
lt_cv_objdir=.libs
lt_cv_path_LD=/usr/bin/ld
lt_cv_path_LDCXX='/usr/bin/ld -m elf_x86_64'
lt_cv_path_NM='/usr/bin/nm -B'
lt_cv_prog_compiler_c_o=yes
lt_cv_prog_compiler_c_o_CXX=yes
lt_cv_prog_compiler_pic_works=yes
lt_cv_prog_compiler_pic_works_CXX=yes
lt_cv_prog_compiler_rtti_exceptions=no
lt_cv_prog_compiler_static_works=yes
lt_cv_prog_compiler_static_works_CXX=yes
lt_cv_prog_gnu_ld=yes
lt_cv_prog_gnu_ldcxx=yes
lt_cv_sys_global_symbol_pipe='sed -n -e '\''s/^.*[	 ]\([ABCDGIRSTW][ABCDGIRSTW]*\)[	 ][	 ]*\([_A-Za-z][_A-Za-z0-9]*\)$/\1 \2 \2/p'\'''
lt_cv_sys_global_symbol_to_c_name_address='sed -n -e '\''s/^: \([^ ]*\) $/  {\"\1\", (void *) 0},/p'\'' -e '\''s/^[ABCDGIRSTW]* \([^ ]*\) \([^ ]*\)$/  {"\2", (void *) \&\2},/p'\'''
lt_cv_sys_global_symbol_to_c_name_address_lib_prefix='sed -n -e '\''s/^: \([^ ]*\) $/  {\"\1\", (void *) 0},/p'\'' -e '\''s/^[ABCDGIRSTW]* \([^ ]*\) \(lib[^ ]*\)$/  {"\2", (void *) \&\2},/p'\'' -e '\''s/^[ABCDGIRSTW]* \([^ ]*\) \([^ ]*\)$/  {"lib\2", (void *) \&\2},/p'\'''
lt_cv_sys_global_symbol_to_cdecl='sed -n -e '\''s/^T .* \(.*\)$/extern int \1();/p'\'' -e '\''s/^[ABCDGIRSTW]* .* \(.*\)$/extern char \1;/p'\'''
lt_cv_sys_max_cmd_len=3458764513820540925

## ----------------- ##
## Output variables. ##
## ----------------- ##

ACLOCAL='${SHELL} /home/simon/Dropbox/phyexe/phyexe/src/clustalo/missing --run aclocal-1.11'
AMDEPBACKSLASH='\'
AMDEP_FALSE='#'
AMDEP_TRUE=''
AMTAR='${SHELL} /home/simon/Dropbox/phyexe/phyexe/src/clustalo/missing --run tar'
AM_CFLAGS=' -O3'
AM_CXXFLAGS=' -O3'
AM_LDFLAGS=''
AR='ar'
AUTOCONF='${SHELL} /home/simon/Dropbox/phyexe/phyexe/src/clustalo/missing --run autoconf'
AUTOHEADER='${SHELL} /home/simon/Dropbox/phyexe/phyexe/src/clustalo/missing --run autoheader'
AUTOMAKE='${SHELL} /home/simon/Dropbox/phyexe/phyexe/src/clustalo/missing --run automake-1.11'
AWK='gawk'
CC='gcc'
CCDEPMODE='depmode=gcc3'
CFLAGS='-g -O2'
CPP='gcc -E'
CPPFLAGS='-I/home/simon/Dropbox/phyexe/phyexe/src/build/include'
CXX='g++'
CXXCPP='g++ -E'
CXXDEPMODE='depmode=gcc3'
CXXFLAGS='-g -O2'
CYGPATH_W='echo'
DEFS='-DHAVE_CONFIG_H'
DEPDIR='.deps'
DSYMUTIL=''
DUMPBIN=''
ECHO_C=''
ECHO_N='-n'
ECHO_T=''
EGREP='/bin/grep -E'
EXEEXT=''
FGREP='/bin/grep -F'
GREP='/bin/grep'
INSTALL_DATA='${INSTALL} -m 644'
INSTALL_PROGRAM='${INSTALL}'
INSTALL_SCRIPT='${INSTALL}'
INSTALL_STRIP_PROGRAM='$(install_sh) -c -s'
LD='/usr/bin/ld -m elf_x86_64'
LDFLAGS='-L/home/simon/Dropbox/phyexe/phyexe/src/build/lib'
LIBOBJS=''
LIBS='-largtable2 -lm '
LIBTOOL='$(SHELL) $(top_builddir)/libtool'
LIPO=''
LN_S='ln -s'
LTLIBOBJS=''
MAKEINFO='${SHELL} /home/simon/Dropbox/phyexe/phyexe/src/clustalo/missing --run makeinfo'
MKDIR_P='/bin/mkdir -p'
NM='/usr/bin/nm -B'
NMEDIT=''
OBJDUMP='objdump'
OBJEXT='o'
OPENMP_CFLAGS='-fopenmp'
OPENMP_CXXFLAGS='-fopenmp'
OTOOL64=''
OTOOL=''
PACKAGE='clustal-omega'
PACKAGE_BUGREPORT='clustalw@ucd.ie'
PACKAGE_CODENAME='FilumVitae'
PACKAGE_NAME='Clustal Omega'
PACKAGE_STRING='Clustal Omega 1.1.0'
PACKAGE_TARNAME='clustal-omega'
PACKAGE_URL=''
PACKAGE_VERSION='1.1.0'
PATH_SEPARATOR=':'
RANLIB='ranlib'
SED='/bin/sed'
SET_MAKE=''
SHELL='/bin/bash'
STRIP='strip'
VERSION='1.1.0'
ac_ct_CC='gcc'
ac_ct_CXX='g++'
ac_ct_DUMPBIN=''
am__EXEEXT_FALSE=''
am__EXEEXT_TRUE='#'
am__fastdepCC_FALSE='#'
am__fastdepCC_TRUE=''
am__fastdepCXX_FALSE='#'
am__fastdepCXX_TRUE=''
am__include='include'
am__isrc=''
am__leading_dot='.'
am__quote=''
am__tar='${AMTAR} chof - "$$tardir"'
am__untar='${AMTAR} xf -'
bindir='${exec_prefix}/bin'
build='x86_64-unknown-linux-gnu'
build_alias=''
build_cpu='x86_64'
build_os='linux-gnu'
build_vendor='unknown'
datadir='${datarootdir}'
datarootdir='${prefix}/share'
docdir='${datarootdir}/doc/${PACKAGE_TARNAME}'
dvidir='${docdir}'
exec_prefix='${prefix}'
host='x86_64-unknown-linux-gnu'
host_alias=''
host_cpu='x86_64'
host_os='linux-gnu'
host_vendor='unknown'
htmldir='${docdir}'
includedir='${prefix}/include'
infodir='${datarootdir}/info'
install_sh='${SHELL} /home/simon/Dropbox/phyexe/phyexe/src/clustalo/install-sh'
libdir='${exec_prefix}/lib'
libexecdir='${exec_prefix}/libexec'
localedir='${datarootdir}/locale'
localstatedir='${prefix}/var'
lt_ECHO='echo'
mandir='${datarootdir}/man'
mkdir_p='/bin/mkdir -p'
oldincludedir='/usr/include'
pdfdir='${docdir}'
prefix='/usr/local'
program_transform_name='s,x,x,'
psdir='${docdir}'
sbindir='${exec_prefix}/sbin'
sharedstatedir='${prefix}/com'
sysconfdir='${prefix}/etc'
target_alias=''

## ----------- ##
## confdefs.h. ##
## ----------- ##

/* confdefs.h */
#define PACKAGE_NAME "Clustal Omega"
#define PACKAGE_TARNAME "clustal-omega"
#define PACKAGE_VERSION "1.1.0"
#define PACKAGE_STRING "Clustal Omega 1.1.0"
#define PACKAGE_BUGREPORT "clustalw@ucd.ie"
#define PACKAGE_URL ""
#define PACKAGE "clustal-omega"
#define VERSION "1.1.0"
#define STDC_HEADERS 1
#define HAVE_SYS_TYPES_H 1
#define HAVE_SYS_STAT_H 1
#define HAVE_STDLIB_H 1
#define HAVE_STRING_H 1
#define HAVE_MEMORY_H 1
#define HAVE_STRINGS_H 1
#define HAVE_INTTYPES_H 1
#define HAVE_STDINT_H 1
#define HAVE_UNISTD_H 1
#define __EXTENSIONS__ 1
#define _ALL_SOURCE 1
#define _GNU_SOURCE 1
#define _POSIX_PTHREAD_SEMANTICS 1
#define _TANDEM_SOURCE 1
#define HAVE_DLFCN_H 1
#define LT_OBJDIR ".libs/"
#define CLUSTALO 1
#define PACKAGE_CODENAME "FilumVitae"
#define LINUX 1
#define STDC_HEADERS 1
#define HAVE_ASSERT_H 1
#define HAVE_CTYPE_H 1
#define HAVE_FLOAT_H 1
#define HAVE_LIMITS_H 1
#define HAVE_MATH_H 1
#define HAVE_MEMORY_H 1
#define HAVE_STDARG_H 1
#define HAVE_STDIO_H 1
#define HAVE_STDLIB_H 1
#define HAVE_STRING_H 1
#define HAVE_TIME_H 1
#define HAVE_UNISTD_H 1
#define HAVE_LIBM 1
#define HAVE_LOG2 1
#define HAVE_ARGTABLE2_H 1
#define HAVE_LIBARGTABLE2 1
#define HAVE_OPENMP 1
#define HAVE_NTOHS 1
#define HAVE_NTOHL 1
#define SIZEOF_UNSIGNED_SHORT 0
#define SIZEOF_UNSIGNED_INT 0
#define SIZEOF_UNSIGNED_LONG 0
#define SIZEOF_UNSIGNED_LONG_LONG 0
#define HAVE_STRTOULL 1
#define HAVE_FTELLO 1
#define HAVE_FSEEKO 1
#define HAVE_FTELLO64 1
#define HAVE_FSEEKO64 1
#define SIZEOF_FPOS_T 0
#define NDEBUG /**/

configure: exit 0
